

Microchip MPLAB XC8 Assembler V2.32 build 20210201212658 
                                                                                               Thu Apr 21 11:05:06 2022

Microchip MPLAB XC8 C Compiler v2.32 (Free license) build 20210201212658 Og1 
     1                           	processor	18F4520
     2                           	fnconf	rparam,??,?,0
     3                           	pagewidth 120
     4                           	opt	flic
     5                           	psect	idataCOMRAM,global,class=CODE,delta=1,noexec
     6                           	psect	idataBIGRAM,global,class=CODE,delta=1,noexec
     7                           	psect	cinit,global,reloc=2,class=CODE,delta=1
     8                           	psect	dataCOMRAM,global,class=COMRAM,space=1,delta=1,lowdata,noexec
     9                           	psect	dataBIGRAM,global,class=BIGRAM,space=1,delta=1,noexec
    10                           	psect	cstackCOMRAM,global,class=COMRAM,space=1,delta=1,lowdata,noexec
    11                           	psect	text0,global,reloc=2,class=CODE,delta=1
    12                           	psect	intsave_regs,global,class=BIGRAM,space=1,delta=1,noexec
    13                           	psect	rparam,global,class=COMRAM,space=1,delta=1,noexec
    14                           	psect	idloc,global,abs,ovrld,class=IDLOC,space=5,delta=1,noexec
    15                           	psect	config,global,abs,ovrld,class=CONFIG,space=4,delta=1,noexec
    16  0000                     
    17                           ; Version 2.20
    18                           ; Generated 12/02/2020 GMT
    19                           ; 
    20                           ; Copyright © 2020, Microchip Technology Inc. and its subsidiaries ("Microchip")
    21                           ; All rights reserved.
    22                           ; 
    23                           ; This software is developed by Microchip Technology Inc. and its subsidiaries ("Microch
      +                          ip").
    24                           ; 
    25                           ; Redistribution and use in source and binary forms, with or without modification, are
    26                           ; permitted provided that the following conditions are met:
    27                           ; 
    28                           ;     1. Redistributions of source code must retain the above copyright notice, this lis
      +                          t of
    29                           ;        conditions and the following disclaimer.
    30                           ; 
    31                           ;     2. Redistributions in binary form must reproduce the above copyright notice, this 
      +                          list
    32                           ;        of conditions and the following disclaimer in the documentation and/or other
    33                           ;        materials provided with the distribution.
    34                           ; 
    35                           ;     3. Microchip's name may not be used to endorse or promote products derived from th
      +                          is
    36                           ;        software without specific prior written permission.
    37                           ; 
    38                           ; THIS SOFTWARE IS PROVIDED BY MICROCHIP "AS IS" AND ANY EXPRESS OR IMPLIED WARRANTIES,
    39                           ; INCLUDING, BUT NOT LIMITED TO, THE IMPLIED WARRANTIES OF MERCHANTABILITY AND FITNESS F
      +                          OR
    40                           ; PURPOSE ARE DISCLAIMED.  IN NO EVENT SHALL MICROCHIP BE LIABLE FOR ANY DIRECT, INDIREC
      +                          T,
    41                           ; INCIDENTAL, SPECIAL, EXEMPLARY, OR CONSEQUENTIAL DAMAGES (INCLUDING BUT NOT LIMITED TO
    42                           ; PROCUREMENT OF SUBSTITUTE GOODS OR SERVICES; LOSS OF USE, DATA OR PROFITS; OR BUSINESS
    43                           ; INTERRUPTION) HOWSOEVER CAUSED AND ON ANY THEORY OF LIABILITY, WHETHER IN CONTRACT, ST
      +                          RICT
    44                           ; LIABILITY, OR TORT (INCLUDING NEGLIGENCE OR OTHERWISE) ARISING IN ANY WAY OUT OF THE U
      +                          SE OF
    45                           ; THIS SOFTWARE, EVEN IF ADVISED OF THE POSSIBILITY OF SUCH DAMAGE.
    46                           ; 
    47                           ; 
    48                           ; Code-generator required, PIC18F4520 Definitions
    49                           ; 
    50                           ; SFR Addresses
    51  0000                     
    52                           	psect	idataCOMRAM
    53  007CB4                     __pidataCOMRAM:
    54                           	callstack 0
    55                           
    56                           ;initializer for _Kytu
    57  007CB4  0018               	dw	24
    58  007CB6  003C               	dw	60
    59  007CB8  0066               	dw	102
    60  007CBA  0066               	dw	102
    61  007CBC  007E               	dw	126
    62  007CBE  0066               	dw	102
    63  007CC0  0066               	dw	102
    64  007CC2  0066               	dw	102
    65                           
    66                           ;initializer for _column
    67  007CC4  0080               	dw	128
    68  007CC6  0040               	dw	64
    69  007CC8  0020               	dw	32
    70  007CCA  0010               	dw	16
    71  007CCC  0008               	dw	8
    72  007CCE  0004               	dw	4
    73  007CD0  0002               	dw	2
    74  007CD2  0001               	dw	1
    75                           
    76                           ;initializer for _row
    77  007CD4  0001               	dw	1
    78  007CD6  0002               	dw	2
    79  007CD8  0004               	dw	4
    80  007CDA  0008               	dw	8
    81  007CDC  0010               	dw	16
    82  007CDE  0020               	dw	32
    83  007CE0  0040               	dw	64
    84  007CE2  0080               	dw	128
    85                           
    86                           	psect	idataBIGRAM
    87  007DA0                     __pidataBIGRAM:
    88                           	callstack 0
    89                           
    90                           ;initializer for _characterHEX
    91  007DA0  0018               	dw	24
    92  007DA2  003C               	dw	60
    93  007DA4  0066               	dw	102
    94  007DA6  0066               	dw	102
    95  007DA8  007E               	dw	126
    96  007DAA  0066               	dw	102
    97  007DAC  0066               	dw	102
    98  007DAE  0066               	dw	102
    99  007DB0  0078               	dw	120
   100  007DB2  0064               	dw	100
   101  007DB4  0068               	dw	104
   102  007DB6  0078               	dw	120
   103  007DB8  0064               	dw	100
   104  007DBA  0066               	dw	102
   105  007DBC  0066               	dw	102
   106  007DBE  007C               	dw	124
   107  007DC0  003C               	dw	60
   108  007DC2  0062               	dw	98
   109  007DC4  0060               	dw	96
   110  007DC6  0060               	dw	96
   111  007DC8  0060               	dw	96
   112  007DCA  0062               	dw	98
   113  007DCC  0062               	dw	98
   114  007DCE  003C               	dw	60
   115  007DD0  0078               	dw	120
   116  007DD2  0064               	dw	100
   117  007DD4  0066               	dw	102
   118  007DD6  0066               	dw	102
   119  007DD8  0066               	dw	102
   120  007DDA  0066               	dw	102
   121  007DDC  0064               	dw	100
   122  007DDE  0078               	dw	120
   123  007DE0  007E               	dw	126
   124  007DE2  0060               	dw	96
   125  007DE4  0060               	dw	96
   126  007DE6  007C               	dw	124
   127  007DE8  0060               	dw	96
   128  007DEA  0060               	dw	96
   129  007DEC  0060               	dw	96
   130  007DEE  007E               	dw	126
   131  007DF0  007E               	dw	126
   132  007DF2  0060               	dw	96
   133  007DF4  0060               	dw	96
   134  007DF6  007C               	dw	124
   135  007DF8  0060               	dw	96
   136  007DFA  0060               	dw	96
   137  007DFC  0060               	dw	96
   138  007DFE  0060               	dw	96
   139  007E00  003C               	dw	60
   140  007E02  0062               	dw	98
   141  007E04  0060               	dw	96
   142  007E06  0060               	dw	96
   143  007E08  0066               	dw	102
   144  007E0A  0062               	dw	98
   145  007E0C  0062               	dw	98
   146  007E0E  003C               	dw	60
   147  007E10  0066               	dw	102
   148  007E12  0066               	dw	102
   149  007E14  0066               	dw	102
   150  007E16  007E               	dw	126
   151  007E18  0066               	dw	102
   152  007E1A  0066               	dw	102
   153  007E1C  0066               	dw	102
   154  007E1E  0066               	dw	102
   155  007E20  007E               	dw	126
   156  007E22  0018               	dw	24
   157  007E24  0018               	dw	24
   158  007E26  0018               	dw	24
   159  007E28  0018               	dw	24
   160  007E2A  0018               	dw	24
   161  007E2C  0018               	dw	24
   162  007E2E  007E               	dw	126
   163  007E30  007E               	dw	126
   164  007E32  0018               	dw	24
   165  007E34  0018               	dw	24
   166  007E36  0018               	dw	24
   167  007E38  0018               	dw	24
   168  007E3A  0018               	dw	24
   169  007E3C  001A               	dw	26
   170  007E3E  000C               	dw	12
   171  007E40  0062               	dw	98
   172  007E42  0064               	dw	100
   173  007E44  0068               	dw	104
   174  007E46  0070               	dw	112
   175  007E48  0070               	dw	112
   176  007E4A  0068               	dw	104
   177  007E4C  0064               	dw	100
   178  007E4E  0062               	dw	98
   179  007E50  0060               	dw	96
   180  007E52  0060               	dw	96
   181  007E54  0060               	dw	96
   182  007E56  0060               	dw	96
   183  007E58  0060               	dw	96
   184  007E5A  0060               	dw	96
   185  007E5C  0060               	dw	96
   186  007E5E  007E               	dw	126
   187  007E60  00C3               	dw	195
   188  007E62  00E7               	dw	231
   189  007E64  00DB               	dw	219
   190  007E66  00DB               	dw	219
   191  007E68  00C3               	dw	195
   192  007E6A  00C3               	dw	195
   193  007E6C  00C3               	dw	195
   194  007E6E  00C3               	dw	195
   195  007E70  0062               	dw	98
   196  007E72  0062               	dw	98
   197  007E74  0052               	dw	82
   198  007E76  0052               	dw	82
   199  007E78  004A               	dw	74
   200  007E7A  004A               	dw	74
   201  007E7C  0046               	dw	70
   202  007E7E  0046               	dw	70
   203  007E80  003C               	dw	60
   204  007E82  0066               	dw	102
   205  007E84  0066               	dw	102
   206  007E86  0066               	dw	102
   207  007E88  0066               	dw	102
   208  007E8A  0066               	dw	102
   209  007E8C  0066               	dw	102
   210  007E8E  003C               	dw	60
   211  007E90  007C               	dw	124
   212  007E92  0062               	dw	98
   213  007E94  0062               	dw	98
   214  007E96  007C               	dw	124
   215  007E98  0060               	dw	96
   216  007E9A  0060               	dw	96
   217  007E9C  0060               	dw	96
   218  007E9E  0060               	dw	96
   219  007EA0  0038               	dw	56
   220  007EA2  0064               	dw	100
   221  007EA4  0064               	dw	100
   222  007EA6  0064               	dw	100
   223  007EA8  0064               	dw	100
   224  007EAA  006C               	dw	108
   225  007EAC  0064               	dw	100
   226  007EAE  003A               	dw	58
   227  007EB0  007C               	dw	124
   228  007EB2  0062               	dw	98
   229  007EB4  0062               	dw	98
   230  007EB6  007C               	dw	124
   231  007EB8  0070               	dw	112
   232  007EBA  0068               	dw	104
   233  007EBC  0064               	dw	100
   234  007EBE  0062               	dw	98
   235  007EC0  001C               	dw	28
   236  007EC2  0022               	dw	34
   237  007EC4  0030               	dw	48
   238  007EC6  0018               	dw	24
   239  007EC8  000C               	dw	12
   240  007ECA  0046               	dw	70
   241  007ECC  0046               	dw	70
   242  007ECE  003C               	dw	60
   243  007ED0  007E               	dw	126
   244  007ED2  0018               	dw	24
   245  007ED4  0018               	dw	24
   246  007ED6  0018               	dw	24
   247  007ED8  0018               	dw	24
   248  007EDA  0018               	dw	24
   249  007EDC  0018               	dw	24
   250  007EDE  0018               	dw	24
   251  007EE0  0066               	dw	102
   252  007EE2  0066               	dw	102
   253  007EE4  0066               	dw	102
   254  007EE6  0066               	dw	102
   255  007EE8  0066               	dw	102
   256  007EEA  0066               	dw	102
   257  007EEC  0066               	dw	102
   258  007EEE  003C               	dw	60
   259  007EF0  0066               	dw	102
   260  007EF2  0066               	dw	102
   261  007EF4  0066               	dw	102
   262  007EF6  0066               	dw	102
   263  007EF8  0066               	dw	102
   264  007EFA  0066               	dw	102
   265  007EFC  003C               	dw	60
   266  007EFE  0018               	dw	24
   267  007F00  0081               	dw	129
   268  007F02  0081               	dw	129
   269  007F04  0081               	dw	129
   270  007F06  0081               	dw	129
   271  007F08  0081               	dw	129
   272  007F0A  0099               	dw	153
   273  007F0C  0099               	dw	153
   274  007F0E  0066               	dw	102
   275  007F10  0042               	dw	66
   276  007F12  0042               	dw	66
   277  007F14  0024               	dw	36
   278  007F16  0018               	dw	24
   279  007F18  0018               	dw	24
   280  007F1A  0024               	dw	36
   281  007F1C  0042               	dw	66
   282  007F1E  0042               	dw	66
   283  007F20  00C3               	dw	195
   284  007F22  0066               	dw	102
   285  007F24  003C               	dw	60
   286  007F26  0018               	dw	24
   287  007F28  0018               	dw	24
   288  007F2A  0018               	dw	24
   289  007F2C  0018               	dw	24
   290  007F2E  0018               	dw	24
   291  007F30  007E               	dw	126
   292  007F32  0002               	dw	2
   293  007F34  0004               	dw	4
   294  007F36  0008               	dw	8
   295  007F38  0010               	dw	16
   296  007F3A  0020               	dw	32
   297  007F3C  0040               	dw	64
   298  007F3E  007E               	dw	126
   299  007F40  003C               	dw	60
   300  007F42  0066               	dw	102
   301  007F44  0066               	dw	102
   302  007F46  006E               	dw	110
   303  007F48  0076               	dw	118
   304  007F4A  0066               	dw	102
   305  007F4C  0066               	dw	102
   306  007F4E  003C               	dw	60
   307  007F50  0018               	dw	24
   308  007F52  0038               	dw	56
   309  007F54  0058               	dw	88
   310  007F56  0018               	dw	24
   311  007F58  0018               	dw	24
   312  007F5A  0018               	dw	24
   313  007F5C  0018               	dw	24
   314  007F5E  007E               	dw	126
   315  007F60  003C               	dw	60
   316  007F62  0066               	dw	102
   317  007F64  0066               	dw	102
   318  007F66  000C               	dw	12
   319  007F68  0018               	dw	24
   320  007F6A  0030               	dw	48
   321  007F6C  007E               	dw	126
   322  007F6E  007E               	dw	126
   323  007F70  007E               	dw	126
   324  007F72  000C               	dw	12
   325  007F74  0018               	dw	24
   326  007F76  003C               	dw	60
   327  007F78  0006               	dw	6
   328  007F7A  0006               	dw	6
   329  007F7C  0046               	dw	70
   330  007F7E  003C               	dw	60
   331  007F80  000C               	dw	12
   332  007F82  0018               	dw	24
   333  007F84  0030               	dw	48
   334  007F86  006C               	dw	108
   335  007F88  006C               	dw	108
   336  007F8A  007E               	dw	126
   337  007F8C  000C               	dw	12
   338  007F8E  000C               	dw	12
   339  007F90  007E               	dw	126
   340  007F92  0060               	dw	96
   341  007F94  0060               	dw	96
   342  007F96  007C               	dw	124
   343  007F98  0006               	dw	6
   344  007F9A  0006               	dw	6
   345  007F9C  0046               	dw	70
   346  007F9E  003C               	dw	60
   347  007FA0  0004               	dw	4
   348  007FA2  0008               	dw	8
   349  007FA4  0010               	dw	16
   350  007FA6  0038               	dw	56
   351  007FA8  006C               	dw	108
   352  007FAA  0066               	dw	102
   353  007FAC  0066               	dw	102
   354  007FAE  003C               	dw	60
   355  007FB0  007E               	dw	126
   356  007FB2  0046               	dw	70
   357  007FB4  000C               	dw	12
   358  007FB6  0018               	dw	24
   359  007FB8  0018               	dw	24
   360  007FBA  0018               	dw	24
   361  007FBC  0018               	dw	24
   362  007FBE  0018               	dw	24
   363  007FC0  003C               	dw	60
   364  007FC2  0066               	dw	102
   365  007FC4  0066               	dw	102
   366  007FC6  003C               	dw	60
   367  007FC8  0066               	dw	102
   368  007FCA  0066               	dw	102
   369  007FCC  0066               	dw	102
   370  007FCE  003C               	dw	60
   371  007FD0  003C               	dw	60
   372  007FD2  0066               	dw	102
   373  007FD4  0066               	dw	102
   374  007FD6  0036               	dw	54
   375  007FD8  001C               	dw	28
   376  007FDA  0008               	dw	8
   377  007FDC  0010               	dw	16
   378  007FDE  0020               	dw	32
   379  007FE0  0000               	dw	0
   380  007FE2  0000               	dw	0
   381  007FE4  0000               	dw	0
   382  007FE6  0000               	dw	0
   383  007FE8  0000               	dw	0
   384  007FEA  0000               	dw	0
   385  007FEC  0000               	dw	0
   386  007FEE  0000               	dw	0
   387  007FF0  0000               	dw	0
   388  007FF2  0066               	dw	102
   389  007FF4  00FF               	dw	255
   390  007FF6  00FF               	dw	255
   391  007FF8  007E               	dw	126
   392  007FFA  003C               	dw	60
   393  007FFC  0018               	dw	24
   394  007FFE  0000               	dw	0
   395  0000                     _PORTC	set	3970
   396  0000                     _PORTD	set	3971
   397  0000                     _TRISD	set	3989
   398  0000                     _TRISC	set	3988
   399  0000                     _ADCON1	set	4033
   400                           
   401                           ; #config settings
   402                           
   403                           	psect	cinit
   404  007CE4                     __pcinit:
   405                           	callstack 0
   406  007CE4                     start_initialization:
   407                           	callstack 0
   408  007CE4                     __initialization:
   409                           	callstack 0
   410                           
   411                           ; Initialize objects allocated to BIGRAM (608 bytes)
   412                           ; load TBLPTR registers with __pidataBIGRAM
   413  007CE4  0EA0               	movlw	low __pidataBIGRAM
   414  007CE6  6EF6               	movwf	tblptrl,c
   415  007CE8  0E7D               	movlw	high __pidataBIGRAM
   416  007CEA  6EF7               	movwf	tblptrh,c
   417  007CEC  0E00               	movlw	low (__pidataBIGRAM shr (0+16))
   418  007CEE  6EF8               	movwf	tblptru,c
   419  007CF0  EE03  F0A0         	lfsr	0,__pdataBIGRAM
   420  007CF4  EE12 F060          	lfsr	1,608
   421  007CF8                     copy_data0:
   422  007CF8  0009               	tblrd		*+
   423  007CFA  CFF5 FFEE          	movff	tablat,postinc0
   424  007CFE  50E5               	movf	postdec1,w,c
   425  007D00  50E1               	movf	fsr1l,w,c
   426  007D02  E1FA               	bnz	copy_data0
   427  007D04  50E2               	movf	fsr1h,w,c
   428  007D06  E1F8               	bnz	copy_data0
   429                           
   430                           ; Initialize objects allocated to COMRAM (48 bytes)
   431                           ; load TBLPTR registers with __pidataCOMRAM
   432  007D08  0EB4               	movlw	low __pidataCOMRAM
   433  007D0A  6EF6               	movwf	tblptrl,c
   434  007D0C  0E7C               	movlw	high __pidataCOMRAM
   435  007D0E  6EF7               	movwf	tblptrh,c
   436  007D10  0E00               	movlw	low (__pidataCOMRAM shr (0+16))
   437  007D12  6EF8               	movwf	tblptru,c
   438  007D14  EE00  F001         	lfsr	0,__pdataCOMRAM
   439  007D18  EE10 F030          	lfsr	1,48
   440  007D1C                     copy_data1:
   441  007D1C  0009               	tblrd		*+
   442  007D1E  CFF5 FFEE          	movff	tablat,postinc0
   443  007D22  50E5               	movf	postdec1,w,c
   444  007D24  50E1               	movf	fsr1l,w,c
   445  007D26  E1FA               	bnz	copy_data1
   446  007D28                     end_of_initialization:
   447                           	callstack 0
   448  007D28                     __end_of__initialization:
   449                           	callstack 0
   450  007D28  0100               	movlb	0
   451  007D2A  EF97  F03E         	goto	_main	;jump to C main() function
   452                           
   453                           	psect	dataCOMRAM
   454  000001                     __pdataCOMRAM:
   455                           	callstack 0
   456  000001                     _Kytu:
   457                           	callstack 0
   458  000001                     	ds	16
   459  000011                     _column:
   460                           	callstack 0
   461  000011                     	ds	16
   462  000021                     _row:
   463                           	callstack 0
   464  000021                     	ds	16
   465                           
   466                           	psect	dataBIGRAM
   467  0003A0                     __pdataBIGRAM:
   468                           	callstack 0
   469  0003A0                     _characterHEX:
   470                           	callstack 0
   471  0003A0                     	ds	608
   472                           
   473                           	psect	cstackCOMRAM
   474  000031                     __pcstackCOMRAM:
   475                           	callstack 0
   476  000031                     main@i:
   477                           	callstack 0
   478                           
   479                           ; 2 bytes @ 0x0
   480  000031                     	ds	2
   481                           
   482 ;;
   483 ;;Main: autosize = 0, tempsize = 0, incstack = 0, save=0
   484 ;;
   485 ;; *************** function _main *****************
   486 ;; Defined at:
   487 ;;		line 56 in file "main.c"
   488 ;; Parameters:    Size  Location     Type
   489 ;;		None
   490 ;; Auto vars:     Size  Location     Type
   491 ;;  i               2    0[COMRAM] int 
   492 ;; Return value:  Size  Location     Type
   493 ;;                  1    wreg      void 
   494 ;; Registers used:
   495 ;;		wreg, fsr2l, fsr2h, status,2, status,0
   496 ;; Tracked objects:
   497 ;;		On entry : 0/0
   498 ;;		On exit  : 0/0
   499 ;;		Unchanged: 0/0
   500 ;; Data sizes:     COMRAM   BANK0   BANK1   BANK2   BANK3   BANK4   BANK5
   501 ;;      Params:         0       0       0       0       0       0       0
   502 ;;      Locals:         2       0       0       0       0       0       0
   503 ;;      Temps:          0       0       0       0       0       0       0
   504 ;;      Totals:         2       0       0       0       0       0       0
   505 ;;Total ram usage:        2 bytes
   506 ;; This function calls:
   507 ;;		Nothing
   508 ;; This function is called by:
   509 ;;		Startup code after reset
   510 ;; This function uses a non-reentrant model
   511 ;;
   512                           
   513                           	psect	text0
   514  007D2E                     __ptext0:
   515                           	callstack 0
   516  007D2E                     _main:
   517                           	callstack 31
   518  007D2E                     
   519                           ;main.c: 58:     ADCON1 = 0x0f;
   520  007D2E  0E0F               	movlw	15
   521  007D30  6EC1               	movwf	193,c	;volatile
   522                           
   523                           ;main.c: 59:     TRISC = 0X00;
   524  007D32  0E00               	movlw	0
   525  007D34  6E94               	movwf	148,c	;volatile
   526                           
   527                           ;main.c: 60:     TRISD = 0x00;
   528  007D36  0E00               	movlw	0
   529  007D38  6E95               	movwf	149,c	;volatile
   530  007D3A                     l25:
   531                           
   532                           ;main.c: 62:     {;main.c: 63:         for(int i = 0;i<8;i++)
   533  007D3A  0E00               	movlw	0
   534  007D3C  6E32               	movwf	(main@i+1)^0,c
   535  007D3E  0E00               	movlw	0
   536  007D40  6E31               	movwf	main@i^0,c
   537  007D42                     l712:
   538                           
   539                           ;main.c: 64:         {;main.c: 65:         PORTD = row[i];
   540  007D42  90D8               	bcf	status,0,c
   541  007D44  3431               	rlcf	main@i^0,w,c
   542  007D46  6ED9               	movwf	fsr2l,c
   543  007D48  3432               	rlcf	(main@i+1)^0,w,c
   544  007D4A  6EDA               	movwf	fsr2h,c
   545  007D4C  0E21               	movlw	low _row
   546  007D4E  26D9               	addwf	fsr2l,f,c
   547  007D50  0E00               	movlw	high _row
   548  007D52  22DA               	addwfc	fsr2h,f,c
   549  007D54  50DF               	movf	indf2,w,c
   550  007D56  6E83               	movwf	131,c	;volatile
   551                           
   552                           ;main.c: 66:         PORTC = ~characterHEX[5][i];
   553  007D58  90D8               	bcf	status,0,c
   554  007D5A  3431               	rlcf	main@i^0,w,c
   555  007D5C  6ED9               	movwf	fsr2l,c
   556  007D5E  3432               	rlcf	(main@i+1)^0,w,c
   557  007D60  6EDA               	movwf	fsr2h,c
   558  007D62  0EF0               	movlw	low (_characterHEX+80)
   559  007D64  26D9               	addwf	fsr2l,f,c
   560  007D66  0E03               	movlw	high (_characterHEX+80)
   561  007D68  22DA               	addwfc	fsr2h,f,c
   562  007D6A  50DF               	movf	indf2,w,c
   563  007D6C  0AFF               	xorlw	255
   564  007D6E  6E82               	movwf	130,c	;volatile
   565  007D70                     
   566                           ;main.c: 67:         _delay((unsigned long)((100)*(4000000/4000000.0)));
   567  007D70  0E21               	movlw	33
   568  007D72                     u27:
   569  007D72  2EE8               	decfsz	wreg,f,c
   570  007D74  D7FE               	bra	u27
   571  007D76  F000               	nop	
   572  007D78                     
   573                           ;main.c: 68:         }
   574  007D78  4A31               	infsnz	main@i^0,f,c
   575  007D7A  2A32               	incf	(main@i+1)^0,f,c
   576  007D7C  BE32               	btfsc	(main@i+1)^0,7,c
   577  007D7E  EFCA  F03E         	goto	u11
   578  007D82  5032               	movf	(main@i+1)^0,w,c
   579  007D84  E109               	bnz	u10
   580  007D86  0E08               	movlw	8
   581  007D88  5C31               	subwf	main@i^0,w,c
   582  007D8A  A0D8               	btfss	status,0,c
   583  007D8C  EFCA  F03E         	goto	u11
   584  007D90  EFCC  F03E         	goto	u10
   585  007D94                     u11:
   586  007D94  EFA1  F03E         	goto	l712
   587  007D98                     u10:
   588  007D98  EF9D  F03E         	goto	l25
   589  007D9C  EF00  F000         	goto	start
   590  007DA0                     __end_of_main:
   591                           	callstack 0
   592  0000                     
   593                           	psect	rparam
   594  0000                     
   595                           	psect	idloc
   596                           
   597                           ;Config register IDLOC0 @ 0x200000
   598                           ;	unspecified, using default values
   599  200000                     	org	2097152
   600  200000  FF                 	db	255
   601                           
   602                           ;Config register IDLOC1 @ 0x200001
   603                           ;	unspecified, using default values
   604  200001                     	org	2097153
   605  200001  FF                 	db	255
   606                           
   607                           ;Config register IDLOC2 @ 0x200002
   608                           ;	unspecified, using default values
   609  200002                     	org	2097154
   610  200002  FF                 	db	255
   611                           
   612                           ;Config register IDLOC3 @ 0x200003
   613                           ;	unspecified, using default values
   614  200003                     	org	2097155
   615  200003  FF                 	db	255
   616                           
   617                           ;Config register IDLOC4 @ 0x200004
   618                           ;	unspecified, using default values
   619  200004                     	org	2097156
   620  200004  FF                 	db	255
   621                           
   622                           ;Config register IDLOC5 @ 0x200005
   623                           ;	unspecified, using default values
   624  200005                     	org	2097157
   625  200005  FF                 	db	255
   626                           
   627                           ;Config register IDLOC6 @ 0x200006
   628                           ;	unspecified, using default values
   629  200006                     	org	2097158
   630  200006  FF                 	db	255
   631                           
   632                           ;Config register IDLOC7 @ 0x200007
   633                           ;	unspecified, using default values
   634  200007                     	org	2097159
   635  200007  FF                 	db	255
   636                           
   637                           	psect	config
   638                           
   639                           ; Padding undefined space
   640  300000                     	org	3145728
   641  300000  FF                 	db	255
   642                           
   643                           ;Config register CONFIG1H @ 0x300001
   644                           ;	Oscillator Selection bits
   645                           ;	OSC = INTIO67, Internal oscillator block, port function on RA6 and RA7
   646                           ;	Fail-Safe Clock Monitor Enable bit
   647                           ;	FCMEN = OFF, Fail-Safe Clock Monitor disabled
   648                           ;	Internal/External Oscillator Switchover bit
   649                           ;	IESO = OFF, Oscillator Switchover mode disabled
   650  300001                     	org	3145729
   651  300001  08                 	db	8
   652                           
   653                           ;Config register CONFIG2L @ 0x300002
   654                           ;	Power-up Timer Enable bit
   655                           ;	PWRT = OFF, PWRT disabled
   656                           ;	Brown-out Reset Enable bits
   657                           ;	BOREN = SBORDIS, Brown-out Reset enabled in hardware only (SBOREN is disabled)
   658                           ;	Brown Out Reset Voltage bits
   659                           ;	BORV = 3, Minimum setting
   660  300002                     	org	3145730
   661  300002  1F                 	db	31
   662                           
   663                           ;Config register CONFIG2H @ 0x300003
   664                           ;	Watchdog Timer Enable bit
   665                           ;	WDT = ON, WDT enabled
   666                           ;	Watchdog Timer Postscale Select bits
   667                           ;	WDTPS = 32768, 1:32768
   668  300003                     	org	3145731
   669  300003  1F                 	db	31
   670                           
   671                           ; Padding undefined space
   672  300004                     	org	3145732
   673  300004  FF                 	db	255
   674                           
   675                           ;Config register CONFIG3H @ 0x300005
   676                           ;	CCP2 MUX bit
   677                           ;	CCP2MX = PORTC, CCP2 input/output is multiplexed with RC1
   678                           ;	PORTB A/D Enable bit
   679                           ;	PBADEN = ON, PORTB<4:0> pins are configured as analog input channels on Reset
   680                           ;	Low-Power Timer1 Oscillator Enable bit
   681                           ;	LPT1OSC = OFF, Timer1 configured for higher power operation
   682                           ;	MCLR Pin Enable bit
   683                           ;	MCLRE = ON, MCLR pin enabled; RE3 input pin disabled
   684  300005                     	org	3145733
   685  300005  83                 	db	131
   686                           
   687                           ;Config register CONFIG4L @ 0x300006
   688                           ;	Stack Full/Underflow Reset Enable bit
   689                           ;	STVREN = ON, Stack full/underflow will cause Reset
   690                           ;	Single-Supply ICSP Enable bit
   691                           ;	LVP = ON, Single-Supply ICSP enabled
   692                           ;	Extended Instruction Set Enable bit
   693                           ;	XINST = OFF, Instruction set extension and Indexed Addressing mode disabled (Legacy mo
      +                          de)
   694                           ;	Background Debugger Enable bit
   695                           ;	DEBUG = 0x1, unprogrammed default
   696  300006                     	org	3145734
   697  300006  85                 	db	133
   698                           
   699                           ; Padding undefined space
   700  300007                     	org	3145735
   701  300007  FF                 	db	255
   702                           
   703                           ;Config register CONFIG5L @ 0x300008
   704                           ;	Code Protection bit
   705                           ;	CP0 = OFF, Block 0 (000800-001FFFh) not code-protected
   706                           ;	Code Protection bit
   707                           ;	CP1 = OFF, Block 1 (002000-003FFFh) not code-protected
   708                           ;	Code Protection bit
   709                           ;	CP2 = OFF, Block 2 (004000-005FFFh) not code-protected
   710                           ;	Code Protection bit
   711                           ;	CP3 = OFF, Block 3 (006000-007FFFh) not code-protected
   712  300008                     	org	3145736
   713  300008  0F                 	db	15
   714                           
   715                           ;Config register CONFIG5H @ 0x300009
   716                           ;	Boot Block Code Protection bit
   717                           ;	CPB = OFF, Boot block (000000-0007FFh) not code-protected
   718                           ;	Data EEPROM Code Protection bit
   719                           ;	CPD = OFF, Data EEPROM not code-protected
   720  300009                     	org	3145737
   721  300009  C0                 	db	192
   722                           
   723                           ;Config register CONFIG6L @ 0x30000A
   724                           ;	Write Protection bit
   725                           ;	WRT0 = OFF, Block 0 (000800-001FFFh) not write-protected
   726                           ;	Write Protection bit
   727                           ;	WRT1 = OFF, Block 1 (002000-003FFFh) not write-protected
   728                           ;	Write Protection bit
   729                           ;	WRT2 = OFF, Block 2 (004000-005FFFh) not write-protected
   730                           ;	Write Protection bit
   731                           ;	WRT3 = OFF, Block 3 (006000-007FFFh) not write-protected
   732  30000A                     	org	3145738
   733  30000A  0F                 	db	15
   734                           
   735                           ;Config register CONFIG6H @ 0x30000B
   736                           ;	Configuration Register Write Protection bit
   737                           ;	WRTC = OFF, Configuration registers (300000-3000FFh) not write-protected
   738                           ;	Boot Block Write Protection bit
   739                           ;	WRTB = OFF, Boot block (000000-0007FFh) not write-protected
   740                           ;	Data EEPROM Write Protection bit
   741                           ;	WRTD = OFF, Data EEPROM not write-protected
   742  30000B                     	org	3145739
   743  30000B  E0                 	db	224
   744                           
   745                           ;Config register CONFIG7L @ 0x30000C
   746                           ;	Table Read Protection bit
   747                           ;	EBTR0 = OFF, Block 0 (000800-001FFFh) not protected from table reads executed in other
      +                           blocks
   748                           ;	Table Read Protection bit
   749                           ;	EBTR1 = OFF, Block 1 (002000-003FFFh) not protected from table reads executed in other
      +                           blocks
   750                           ;	Table Read Protection bit
   751                           ;	EBTR2 = OFF, Block 2 (004000-005FFFh) not protected from table reads executed in other
      +                           blocks
   752                           ;	Table Read Protection bit
   753                           ;	EBTR3 = OFF, Block 3 (006000-007FFFh) not protected from table reads executed in other
      +                           blocks
   754  30000C                     	org	3145740
   755  30000C  0F                 	db	15
   756                           
   757                           ;Config register CONFIG7H @ 0x30000D
   758                           ;	Boot Block Table Read Protection bit
   759                           ;	EBTRB = OFF, Boot block (000000-0007FFh) not protected from table reads executed in ot
      +                          her blocks
   760  30000D                     	org	3145741
   761  30000D  40                 	db	64
   762                           tosu	equ	0xFFF
   763                           tosh	equ	0xFFE
   764                           tosl	equ	0xFFD
   765                           stkptr	equ	0xFFC
   766                           pclatu	equ	0xFFB
   767                           pclath	equ	0xFFA
   768                           pcl	equ	0xFF9
   769                           tblptru	equ	0xFF8
   770                           tblptrh	equ	0xFF7
   771                           tblptrl	equ	0xFF6
   772                           tablat	equ	0xFF5
   773                           prodh	equ	0xFF4
   774                           prodl	equ	0xFF3
   775                           indf0	equ	0xFEF
   776                           postinc0	equ	0xFEE
   777                           postdec0	equ	0xFED
   778                           preinc0	equ	0xFEC
   779                           plusw0	equ	0xFEB
   780                           fsr0h	equ	0xFEA
   781                           fsr0l	equ	0xFE9
   782                           wreg	equ	0xFE8
   783                           indf1	equ	0xFE7
   784                           postinc1	equ	0xFE6
   785                           postdec1	equ	0xFE5
   786                           preinc1	equ	0xFE4
   787                           plusw1	equ	0xFE3
   788                           fsr1h	equ	0xFE2
   789                           fsr1l	equ	0xFE1
   790                           bsr	equ	0xFE0
   791                           indf2	equ	0xFDF
   792                           postinc2	equ	0xFDE
   793                           postdec2	equ	0xFDD
   794                           preinc2	equ	0xFDC
   795                           plusw2	equ	0xFDB
   796                           fsr2h	equ	0xFDA
   797                           fsr2l	equ	0xFD9
   798                           status	equ	0xFD8

Data Sizes:
    Strings     0
    Constant    0
    Data        656
    BSS         0
    Persistent  0
    Stack       0

Auto Spaces:
    Space          Size  Autos    Used
    COMRAM          127      2      50
    BANK0           128      0       0
    BANK1           256      0       0
    BANK2           256      0       0
    BANK3           256      0       0
    BANK4           256      0       0
    BANK5           256      0       0

Pointer List with Targets:

    None.

Critical Paths under _main in COMRAM

    None.

Critical Paths under _main in BANK0

    None.

Critical Paths under _main in BANK1

    None.

Critical Paths under _main in BANK2

    None.

Critical Paths under _main in BANK3

    None.

Critical Paths under _main in BANK4

    None.

Critical Paths under _main in BANK5

    None.

Call Graph Tables:

 ---------------------------------------------------------------------------------
 (Depth) Function   	        Calls       Base Space   Used Autos Params    Refs
 ---------------------------------------------------------------------------------
 (0) _main                                                 2     2      0      60
                                              0 COMRAM     2     2      0
 ---------------------------------------------------------------------------------
 Estimated maximum stack depth 0
 ---------------------------------------------------------------------------------

 Call Graph Graphs:

 _main (ROOT)

 Address spaces:
Name               Size   Autos  Total    Cost      Usage
BIGRAM             5FF      0     260      17       39.6%
EEDATA             100      0       0       0        0.0%
BITBANK5           100      0       0      16        0.0%
BANK5              100      0       0      14        0.0%
BITBANK4           100      0       0      12        0.0%
BANK4              100      0       0      13        0.0%
BITBANK3           100      0       0      10        0.0%
BANK3              100      0       0      11        0.0%
BITBANK2           100      0       0       8        0.0%
BANK2              100      0       0       9        0.0%
BITBANK1           100      0       0       6        0.0%
BANK1              100      0       0       7        0.0%
BITBANK0            80      0       0       4        0.0%
BANK0               80      0       0       5        0.0%
BITCOMRAM           7F      0       0       0        0.0%
COMRAM              7F      2      32       1       39.4%
BITSFR               0      0       0     200        0.0%
SFR                  0      0       0     200        0.0%
STACK                0      0       0       2        0.0%
NULL                 0      0       0       0        0.0%
ABS                  0      0      32      15        0.0%
DATA                 0      0     292       3        0.0%
CODE                 0      0       0       0        0.0%


Microchip Technology PIC18 Macro Assembler V2.32 build 20210201212658 
Symbol Table                                                                                   Thu Apr 21 11:05:06 2022

                     l25 7D3A                       u10 7D98                       u11 7D94  
                     u27 7D72                      l712 7D42                      l714 7D70  
                    l706 7D2E                      l716 7D78                      l718 7D7C  
                    _row 0021                      wreg 000FE8                     _Kytu 0001  
                   _main 7D2E                     fsr1h 000FE2                     fsr2h 000FDA  
                   indf2 000FDF                     fsr1l 000FE1                     fsr2l 000FD9  
                   start 0000             ___param_bank 000000                    ?_main 0031  
                  _PORTC 000F82                    _PORTD 000F83                    _TRISC 000F94  
                  _TRISD 000F95                    main@i 0031                    tablat 000FF5  
                  status 000FD8          __initialization 7CE4             __end_of_main 7DA0  
                 ??_main 0031            __activetblptr 000000                   _ADCON1 000FC1  
                 _column 0011                   isa$std 000001             __pdataBIGRAM 03A0  
           __pdataCOMRAM 0001                   tblptrh 000FF7                   tblptrl 000FF6  
                 tblptru 000FF8               __accesstop 0080  __end_of__initialization 7D28  
          ___rparam_used 000001           __pcstackCOMRAM 0031             _characterHEX 03A0  
                __Hparam 0000                  __Lparam 0000                  __pcinit 7CE4  
                __ramtop 0600                  __ptext0 7D2E     end_of_initialization 7D28  
                postdec1 000FE5                  postinc0 000FEE            __pidataBIGRAM 7DA0  
          __pidataCOMRAM 7CB4      start_initialization 7CE4                copy_data0 7CF8  
              copy_data1 7D1C                 __Hrparam 0000                 __Lrparam 0000  
          __size_of_main 0072                 isa$xinst 000000  
