

Microchip MPLAB XC8 Assembler V2.32 build 20210201212658 
                                                                                               Thu Jan 06 19:54:14 2022

Microchip MPLAB XC8 C Compiler v2.32 (Free license) build 20210201212658 Og1 
     1                           	processor	18F4520
     2                           	fnconf	rparam,??,?,0
     3                           	pagewidth 120
     4                           	opt	flic
     5                           	psect	cinit,global,reloc=2,class=CODE,delta=1
     6                           	psect	cstackCOMRAM,global,class=COMRAM,space=1,delta=1,lowdata,noexec
     7                           	psect	text0,global,reloc=2,class=CODE,delta=1
     8                           	psect	text1,global,reloc=2,class=CODE,delta=1
     9                           	psect	text2,global,reloc=2,class=CODE,delta=1
    10                           	psect	text3,global,reloc=2,class=CODE,delta=1
    11                           	psect	text4,global,reloc=2,class=CODE,delta=1
    12                           	psect	text5,global,reloc=2,class=CODE,delta=1
    13                           	psect	text6,global,reloc=2,class=CODE,delta=1
    14                           	psect	text7,global,reloc=2,class=CODE,delta=1
    15                           	psect	text8,global,reloc=2,class=CODE,delta=1
    16                           	psect	text9,global,reloc=2,class=CODE,delta=1
    17                           	psect	text10,global,reloc=2,class=CODE,delta=1
    18                           	psect	intsave_regs,global,class=BIGRAM,space=1,delta=1,noexec
    19                           	psect	rparam,global,class=COMRAM,space=1,delta=1,noexec
    20                           	psect	idloc,global,abs,ovrld,class=IDLOC,space=5,delta=1,noexec
    21                           	psect	config,global,abs,ovrld,class=CONFIG,space=4,delta=1,noexec
    22  0000                     
    23                           ; Version 2.20
    24                           ; Generated 12/02/2020 GMT
    25                           ; 
    26                           ; Copyright © 2020, Microchip Technology Inc. and its subsidiaries ("Microchip")
    27                           ; All rights reserved.
    28                           ; 
    29                           ; This software is developed by Microchip Technology Inc. and its subsidiaries ("Microch
      +                          ip").
    30                           ; 
    31                           ; Redistribution and use in source and binary forms, with or without modification, are
    32                           ; permitted provided that the following conditions are met:
    33                           ; 
    34                           ;     1. Redistributions of source code must retain the above copyright notice, this lis
      +                          t of
    35                           ;        conditions and the following disclaimer.
    36                           ; 
    37                           ;     2. Redistributions in binary form must reproduce the above copyright notice, this 
      +                          list
    38                           ;        of conditions and the following disclaimer in the documentation and/or other
    39                           ;        materials provided with the distribution.
    40                           ; 
    41                           ;     3. Microchip's name may not be used to endorse or promote products derived from th
      +                          is
    42                           ;        software without specific prior written permission.
    43                           ; 
    44                           ; THIS SOFTWARE IS PROVIDED BY MICROCHIP "AS IS" AND ANY EXPRESS OR IMPLIED WARRANTIES,
    45                           ; INCLUDING, BUT NOT LIMITED TO, THE IMPLIED WARRANTIES OF MERCHANTABILITY AND FITNESS F
      +                          OR
    46                           ; PURPOSE ARE DISCLAIMED.  IN NO EVENT SHALL MICROCHIP BE LIABLE FOR ANY DIRECT, INDIREC
      +                          T,
    47                           ; INCIDENTAL, SPECIAL, EXEMPLARY, OR CONSEQUENTIAL DAMAGES (INCLUDING BUT NOT LIMITED TO
    48                           ; PROCUREMENT OF SUBSTITUTE GOODS OR SERVICES; LOSS OF USE, DATA OR PROFITS; OR BUSINESS
    49                           ; INTERRUPTION) HOWSOEVER CAUSED AND ON ANY THEORY OF LIABILITY, WHETHER IN CONTRACT, ST
      +                          RICT
    50                           ; LIABILITY, OR TORT (INCLUDING NEGLIGENCE OR OTHERWISE) ARISING IN ANY WAY OUT OF THE U
      +                          SE OF
    51                           ; THIS SOFTWARE, EVEN IF ADVISED OF THE POSSIBILITY OF SUCH DAMAGE.
    52                           ; 
    53                           ; 
    54                           ; Code-generator required, PIC18F4520 Definitions
    55                           ; 
    56                           ; SFR Addresses
    57  0000                     _ADCON1	set	4033
    58  0000                     _PORTB	set	3969
    59  0000                     _TRISB	set	3987
    60  0000                     _SSPSTATbits	set	4039
    61  0000                     _SSPBUF	set	4041
    62  0000                     _SSPCON2bits	set	4037
    63  0000                     _TRISCbits	set	3988
    64  0000                     _SSPADD	set	4040
    65  0000                     _SSPCON1	set	4038
    66  0000                     _SSPCON2	set	4037
    67  0000                     _SSPSTAT	set	4039
    68                           
    69                           ; #config settings
    70                           
    71                           	psect	cinit
    72  007E42                     __pcinit:
    73                           	callstack 0
    74  007E42                     start_initialization:
    75                           	callstack 0
    76  007E42                     __initialization:
    77                           	callstack 0
    78  007E42                     end_of_initialization:
    79                           	callstack 0
    80  007E42                     __end_of__initialization:
    81                           	callstack 0
    82  007E42  0100               	movlb	0
    83  007E44  EFA3  F03F         	goto	_main	;jump to C main() function
    84                           
    85                           	psect	cstackCOMRAM
    86  000001                     __pcstackCOMRAM:
    87                           	callstack 0
    88  000001                     ??_I2C_idle:
    89  000001                     
    90                           ; 1 bytes @ 0x0
    91  000001                     	ds	1
    92  000002                     I2C_Write@data:
    93                           	callstack 0
    94                           
    95                           ; 1 bytes @ 0x1
    96  000002                     	ds	1
    97  000003                     ?_ReadEEPROM:
    98                           	callstack 0
    99  000003                     WriteEEPROM@address:
   100                           	callstack 0
   101  000003                     ReadEEPROM@address:
   102                           	callstack 0
   103                           
   104                           ; 2 bytes @ 0x2
   105  000003                     	ds	2
   106  000005                     ??_ReadEEPROM:
   107  000005                     WriteEEPROM@data:
   108                           	callstack 0
   109                           
   110                           ; 2 bytes @ 0x4
   111  000005                     	ds	1
   112  000006                     ReadEEPROM@temp:
   113                           	callstack 0
   114                           
   115                           ; 2 bytes @ 0x5
   116  000006                     	ds	1
   117  000007                     ??_WriteEEPROM:
   118                           
   119                           ; 1 bytes @ 0x6
   120  000007                     	ds	1
   121  000008                     WriteEEPROM@temp:
   122                           	callstack 0
   123                           
   124                           ; 2 bytes @ 0x7
   125  000008                     	ds	2
   126  00000A                     ??_main:
   127                           
   128                           ; 1 bytes @ 0x9
   129  00000A                     	ds	2
   130  00000C                     main@a:
   131                           	callstack 0
   132                           
   133                           ; 2 bytes @ 0xB
   134  00000C                     	ds	2
   135  00000E                     main@i:
   136                           	callstack 0
   137                           
   138                           ; 2 bytes @ 0xD
   139  00000E                     	ds	2
   140                           
   141 ;;
   142 ;;Main: autosize = 0, tempsize = 2, incstack = 0, save=0
   143 ;;
   144 ;; *************** function _main *****************
   145 ;; Defined at:
   146 ;;		line 97 in file "main_I2C.c"
   147 ;; Parameters:    Size  Location     Type
   148 ;;		None
   149 ;; Auto vars:     Size  Location     Type
   150 ;;  i               2   13[COMRAM] unsigned int 
   151 ;;  a               2   11[COMRAM] unsigned int 
   152 ;; Return value:  Size  Location     Type
   153 ;;                  1    wreg      void 
   154 ;; Registers used:
   155 ;;		wreg, status,2, status,0, cstack
   156 ;; Tracked objects:
   157 ;;		On entry : 0/0
   158 ;;		On exit  : 0/0
   159 ;;		Unchanged: 0/0
   160 ;; Data sizes:     COMRAM   BANK0   BANK1   BANK2   BANK3   BANK4   BANK5
   161 ;;      Params:         0       0       0       0       0       0       0
   162 ;;      Locals:         4       0       0       0       0       0       0
   163 ;;      Temps:          2       0       0       0       0       0       0
   164 ;;      Totals:         6       0       0       0       0       0       0
   165 ;;Total ram usage:        6 bytes
   166 ;; Hardware stack levels required when called: 3
   167 ;; This function calls:
   168 ;;		_I2C_Master_init
   169 ;;		_ReadEEPROM
   170 ;;		_WriteEEPROM
   171 ;; This function is called by:
   172 ;;		Startup code after reset
   173 ;; This function uses a non-reentrant model
   174 ;;
   175                           
   176                           	psect	text0
   177  007F46                     __ptext0:
   178                           	callstack 0
   179  007F46                     _main:
   180                           	callstack 28
   181  007F46                     
   182                           ;main_I2C.c: 99:     unsigned int a,i;;main_I2C.c: 100:     TRISB = 0;
   183  007F46  0E00               	movlw	0
   184  007F48  6E93               	movwf	147,c	;volatile
   185                           
   186                           ;main_I2C.c: 101:     PORTB = 0;
   187  007F4A  0E00               	movlw	0
   188  007F4C  6E81               	movwf	129,c	;volatile
   189                           
   190                           ;main_I2C.c: 102:     ADCON1 = 0x06;
   191  007F4E  0E06               	movlw	6
   192  007F50  6EC1               	movwf	193,c	;volatile
   193  007F52                     
   194                           ;main_I2C.c: 103:     I2C_Master_init();
   195  007F52  EC48  F03F         	call	_I2C_Master_init	;wreg free
   196  007F56                     
   197                           ;main_I2C.c: 104:     for(i=0,a=3;i<8;i++)
   198  007F56  0E00               	movlw	0
   199  007F58  6E0F               	movwf	(main@i+1)^0,c
   200  007F5A  0E00               	movlw	0
   201  007F5C  6E0E               	movwf	main@i^0,c
   202  007F5E  0E00               	movlw	0
   203  007F60  6E0D               	movwf	(main@a+1)^0,c
   204  007F62  0E03               	movlw	3
   205  007F64  6E0C               	movwf	main@a^0,c
   206  007F66                     l919:
   207                           
   208                           ;main_I2C.c: 105:     {;main_I2C.c: 106:         WriteEEPROM(i,a);
   209  007F66  C00E  F003         	movff	main@i,WriteEEPROM@address
   210  007F6A  C00F  F004         	movff	main@i+1,WriteEEPROM@address+1
   211  007F6E  C00C  F005         	movff	main@a,WriteEEPROM@data
   212  007F72  C00D  F006         	movff	main@a+1,WriteEEPROM@data+1
   213  007F76  EC66  F03F         	call	_WriteEEPROM	;wreg free
   214  007F7A                     
   215                           ;main_I2C.c: 107:         _delay((unsigned long)((30)*(8000000/4000.0)));
   216  007F7A  0E4E               	movlw	78
   217  007F7C  6E0A               	movwf	??_main^0,c
   218  007F7E  0EEB               	movlw	235
   219  007F80                     u87:
   220  007F80  2EE8               	decfsz	wreg,f,c
   221  007F82  D7FE               	bra	u87
   222  007F84  2E0A               	decfsz	??_main^0,f,c
   223  007F86  D7FC               	bra	u87
   224  007F88  F000               	nop	
   225  007F8A                     
   226                           ;main_I2C.c: 108:         a = a<<1;
   227  007F8A  90D8               	bcf	status,0,c
   228  007F8C  340C               	rlcf	main@a^0,w,c
   229  007F8E  6E0C               	movwf	main@a^0,c
   230  007F90  340D               	rlcf	(main@a+1)^0,w,c
   231  007F92  6E0D               	movwf	(main@a+1)^0,c
   232  007F94                     
   233                           ;main_I2C.c: 109:     }
   234  007F94  4A0E               	infsnz	main@i^0,f,c
   235  007F96  2A0F               	incf	(main@i+1)^0,f,c
   236  007F98  500F               	movf	(main@i+1)^0,w,c
   237  007F9A  E109               	bnz	u60
   238  007F9C  0E08               	movlw	8
   239  007F9E  5C0E               	subwf	main@i^0,w,c
   240  007FA0  A0D8               	btfss	status,0,c
   241  007FA2  EFD5  F03F         	goto	u61
   242  007FA6  EFD7  F03F         	goto	u60
   243  007FAA                     u61:
   244  007FAA  EFB3  F03F         	goto	l919
   245  007FAE                     u60:
   246  007FAE                     l929:
   247                           
   248                           ;main_I2C.c: 111:     {;main_I2C.c: 112:         for(i=0;i<8;i++)
   249  007FAE  0E00               	movlw	0
   250  007FB0  6E0F               	movwf	(main@i+1)^0,c
   251  007FB2  0E00               	movlw	0
   252  007FB4  6E0E               	movwf	main@i^0,c
   253  007FB6                     l935:
   254                           
   255                           ;main_I2C.c: 113:         {;main_I2C.c: 114:             PORTB = ReadEEPROM(i);
   256  007FB6  C00E  F003         	movff	main@i,ReadEEPROM@address
   257  007FBA  C00F  F004         	movff	main@i+1,ReadEEPROM@address+1
   258  007FBE  EC81  F03F         	call	_ReadEEPROM	;wreg free
   259  007FC2  5003               	movf	?_ReadEEPROM^0,w,c
   260  007FC4  6E81               	movwf	129,c	;volatile
   261  007FC6                     
   262                           ;main_I2C.c: 115:             _delay((unsigned long)((200)*(8000000/4000.0)));
   263  007FC6  0E03               	movlw	3
   264  007FC8  6E0B               	movwf	(??_main+1)^0,c
   265  007FCA  0E08               	movlw	8
   266  007FCC  6E0A               	movwf	??_main^0,c
   267  007FCE  0E77               	movlw	119
   268  007FD0                     u97:
   269  007FD0  2EE8               	decfsz	wreg,f,c
   270  007FD2  D7FE               	bra	u97
   271  007FD4  2E0A               	decfsz	??_main^0,f,c
   272  007FD6  D7FC               	bra	u97
   273  007FD8  2E0B               	decfsz	(??_main+1)^0,f,c
   274  007FDA  D7FA               	bra	u97
   275  007FDC  F000               	nop	
   276  007FDE                     
   277                           ;main_I2C.c: 116:         }
   278  007FDE  4A0E               	infsnz	main@i^0,f,c
   279  007FE0  2A0F               	incf	(main@i+1)^0,f,c
   280  007FE2  500F               	movf	(main@i+1)^0,w,c
   281  007FE4  E109               	bnz	u70
   282  007FE6  0E08               	movlw	8
   283  007FE8  5C0E               	subwf	main@i^0,w,c
   284  007FEA  A0D8               	btfss	status,0,c
   285  007FEC  EFFA  F03F         	goto	u71
   286  007FF0  EFFC  F03F         	goto	u70
   287  007FF4                     u71:
   288  007FF4  EFDB  F03F         	goto	l935
   289  007FF8                     u70:
   290  007FF8  EFD7  F03F         	goto	l929
   291  007FFC  EF00  F000         	goto	start
   292  008000                     __end_of_main:
   293                           	callstack 0
   294                           
   295 ;; *************** function _WriteEEPROM *****************
   296 ;; Defined at:
   297 ;;		line 69 in file "main_I2C.c"
   298 ;; Parameters:    Size  Location     Type
   299 ;;  address         2    2[COMRAM] unsigned int 
   300 ;;  data            2    4[COMRAM] unsigned int 
   301 ;; Auto vars:     Size  Location     Type
   302 ;;  temp            2    7[COMRAM] unsigned int 
   303 ;; Return value:  Size  Location     Type
   304 ;;                  1    wreg      void 
   305 ;; Registers used:
   306 ;;		wreg, status,2, status,0, cstack
   307 ;; Tracked objects:
   308 ;;		On entry : 0/0
   309 ;;		On exit  : 0/0
   310 ;;		Unchanged: 0/0
   311 ;; Data sizes:     COMRAM   BANK0   BANK1   BANK2   BANK3   BANK4   BANK5
   312 ;;      Params:         4       0       0       0       0       0       0
   313 ;;      Locals:         2       0       0       0       0       0       0
   314 ;;      Temps:          1       0       0       0       0       0       0
   315 ;;      Totals:         7       0       0       0       0       0       0
   316 ;;Total ram usage:        7 bytes
   317 ;; Hardware stack levels used: 1
   318 ;; Hardware stack levels required when called: 2
   319 ;; This function calls:
   320 ;;		_I2C_Start
   321 ;;		_I2C_Stop
   322 ;;		_I2C_Write
   323 ;; This function is called by:
   324 ;;		_main
   325 ;; This function uses a non-reentrant model
   326 ;;
   327                           
   328                           	psect	text1
   329  007ECC                     __ptext1:
   330                           	callstack 0
   331  007ECC                     _WriteEEPROM:
   332                           	callstack 28
   333  007ECC                     
   334                           ;main_I2C.c: 69: void WriteEEPROM(unsigned int address,unsigned int data);main_I2C.c: 70
      +                          : {;main_I2C.c: 71:     unsigned int temp;;main_I2C.c: 72:     I2C_Start();
   335  007ECC  EC28  F03F         	call	_I2C_Start	;wreg free
   336                           
   337                           ;main_I2C.c: 73:     I2C_Write(0xa2);
   338  007ED0  0EA2               	movlw	162
   339  007ED2  EC35  F03F         	call	_I2C_Write
   340  007ED6                     
   341                           ;main_I2C.c: 74:     temp = address>>8;
   342  007ED6  5004               	movf	(WriteEEPROM@address+1)^0,w,c
   343  007ED8  6E08               	movwf	WriteEEPROM@temp^0,c
   344  007EDA  6A09               	clrf	(WriteEEPROM@temp+1)^0,c
   345  007EDC                     
   346                           ;main_I2C.c: 75:     I2C_Write(temp);
   347  007EDC  5008               	movf	WriteEEPROM@temp^0,w,c
   348  007EDE  EC35  F03F         	call	_I2C_Write
   349  007EE2                     
   350                           ;main_I2C.c: 76:     I2C_Write(address);
   351  007EE2  5003               	movf	WriteEEPROM@address^0,w,c
   352  007EE4  EC35  F03F         	call	_I2C_Write
   353  007EE8                     
   354                           ;main_I2C.c: 77:     I2C_Write(data);
   355  007EE8  5005               	movf	WriteEEPROM@data^0,w,c
   356  007EEA  EC35  F03F         	call	_I2C_Write
   357  007EEE                     
   358                           ;main_I2C.c: 79:     I2C_Stop();
   359  007EEE  EC2C  F03F         	call	_I2C_Stop	;wreg free
   360  007EF2                     
   361                           ;main_I2C.c: 80:     _delay((unsigned long)((20)*(8000000/4000.0)));
   362  007EF2  0E34               	movlw	52
   363  007EF4  6E07               	movwf	??_WriteEEPROM^0,c
   364  007EF6  0EF2               	movlw	242
   365  007EF8                     u107:
   366  007EF8  2EE8               	decfsz	wreg,f,c
   367  007EFA  D7FE               	bra	u107
   368  007EFC  2E07               	decfsz	??_WriteEEPROM^0,f,c
   369  007EFE  D7FC               	bra	u107
   370  007F00  0012               	return		;funcret
   371  007F02                     __end_of_WriteEEPROM:
   372                           	callstack 0
   373                           
   374 ;; *************** function _ReadEEPROM *****************
   375 ;; Defined at:
   376 ;;		line 82 in file "main_I2C.c"
   377 ;; Parameters:    Size  Location     Type
   378 ;;  address         2    2[COMRAM] unsigned int 
   379 ;; Auto vars:     Size  Location     Type
   380 ;;  temp            2    5[COMRAM] unsigned int 
   381 ;; Return value:  Size  Location     Type
   382 ;;                  2    2[COMRAM] unsigned int 
   383 ;; Registers used:
   384 ;;		wreg, status,2, status,0, cstack
   385 ;; Tracked objects:
   386 ;;		On entry : 0/0
   387 ;;		On exit  : 0/0
   388 ;;		Unchanged: 0/0
   389 ;; Data sizes:     COMRAM   BANK0   BANK1   BANK2   BANK3   BANK4   BANK5
   390 ;;      Params:         2       0       0       0       0       0       0
   391 ;;      Locals:         2       0       0       0       0       0       0
   392 ;;      Temps:          1       0       0       0       0       0       0
   393 ;;      Totals:         5       0       0       0       0       0       0
   394 ;;Total ram usage:        5 bytes
   395 ;; Hardware stack levels used: 1
   396 ;; Hardware stack levels required when called: 2
   397 ;; This function calls:
   398 ;;		_I2C_NACK
   399 ;;		_I2C_Read
   400 ;;		_I2C_Restart
   401 ;;		_I2C_Start
   402 ;;		_I2C_Stop
   403 ;;		_I2C_Write
   404 ;; This function is called by:
   405 ;;		_main
   406 ;; This function uses a non-reentrant model
   407 ;;
   408                           
   409                           	psect	text2
   410  007F02                     __ptext2:
   411                           	callstack 0
   412  007F02                     _ReadEEPROM:
   413                           	callstack 28
   414  007F02                     
   415                           ;main_I2C.c: 82: unsigned int ReadEEPROM(unsigned int address);main_I2C.c: 83: {;main_I2
      +                          C.c: 84:     unsigned int temp;;main_I2C.c: 85:     I2C_Start();
   416  007F02  EC28  F03F         	call	_I2C_Start	;wreg free
   417                           
   418                           ;main_I2C.c: 86:     I2C_Write(0xa2);
   419  007F06  0EA2               	movlw	162
   420  007F08  EC35  F03F         	call	_I2C_Write
   421  007F0C                     
   422                           ;main_I2C.c: 87:     temp = address>>8;
   423  007F0C  5004               	movf	(ReadEEPROM@address+1)^0,w,c
   424  007F0E  6E06               	movwf	ReadEEPROM@temp^0,c
   425  007F10  6A07               	clrf	(ReadEEPROM@temp+1)^0,c
   426  007F12                     
   427                           ;main_I2C.c: 88:     I2C_Write(temp);
   428  007F12  5006               	movf	ReadEEPROM@temp^0,w,c
   429  007F14  EC35  F03F         	call	_I2C_Write
   430  007F18                     
   431                           ;main_I2C.c: 89:     I2C_Write(address);
   432  007F18  5003               	movf	ReadEEPROM@address^0,w,c
   433  007F1A  EC35  F03F         	call	_I2C_Write
   434  007F1E                     
   435                           ;main_I2C.c: 90:     I2C_Restart();
   436  007F1E  EC24  F03F         	call	_I2C_Restart	;wreg free
   437  007F22                     
   438                           ;main_I2C.c: 91:     I2C_Write(0xa3);
   439  007F22  0EA3               	movlw	163
   440  007F24  EC35  F03F         	call	_I2C_Write
   441  007F28                     
   442                           ;main_I2C.c: 92:     temp = I2C_Read();
   443  007F28  EC3E  F03F         	call	_I2C_Read	;wreg free
   444  007F2C  6E05               	movwf	??_ReadEEPROM^0,c
   445  007F2E  5005               	movf	??_ReadEEPROM^0,w,c
   446  007F30  6E06               	movwf	ReadEEPROM@temp^0,c
   447  007F32  6A07               	clrf	(ReadEEPROM@temp+1)^0,c
   448  007F34                     
   449                           ;main_I2C.c: 93:     I2C_NACK();
   450  007F34  EC30  F03F         	call	_I2C_NACK	;wreg free
   451  007F38                     
   452                           ;main_I2C.c: 94:     I2C_Stop();
   453  007F38  EC2C  F03F         	call	_I2C_Stop	;wreg free
   454  007F3C                     
   455                           ;main_I2C.c: 95:     return temp;
   456  007F3C  C006  F003         	movff	ReadEEPROM@temp,?_ReadEEPROM
   457  007F40  C007  F004         	movff	ReadEEPROM@temp+1,?_ReadEEPROM+1
   458  007F44  0012               	return		;funcret
   459  007F46                     __end_of_ReadEEPROM:
   460                           	callstack 0
   461                           
   462 ;; *************** function _I2C_Write *****************
   463 ;; Defined at:
   464 ;;		line 54 in file "main_I2C.c"
   465 ;; Parameters:    Size  Location     Type
   466 ;;  data            1    wreg     unsigned char 
   467 ;; Auto vars:     Size  Location     Type
   468 ;;  data            1    1[COMRAM] unsigned char 
   469 ;; Return value:  Size  Location     Type
   470 ;;                  1    wreg      unsigned char 
   471 ;; Registers used:
   472 ;;		wreg, status,2, status,0, cstack
   473 ;; Tracked objects:
   474 ;;		On entry : 0/0
   475 ;;		On exit  : 0/0
   476 ;;		Unchanged: 0/0
   477 ;; Data sizes:     COMRAM   BANK0   BANK1   BANK2   BANK3   BANK4   BANK5
   478 ;;      Params:         0       0       0       0       0       0       0
   479 ;;      Locals:         1       0       0       0       0       0       0
   480 ;;      Temps:          0       0       0       0       0       0       0
   481 ;;      Totals:         1       0       0       0       0       0       0
   482 ;;Total ram usage:        1 bytes
   483 ;; Hardware stack levels used: 1
   484 ;; Hardware stack levels required when called: 1
   485 ;; This function calls:
   486 ;;		_I2C_idle
   487 ;; This function is called by:
   488 ;;		_WriteEEPROM
   489 ;;		_ReadEEPROM
   490 ;; This function uses a non-reentrant model
   491 ;;
   492                           
   493                           	psect	text3
   494  007E6A                     __ptext3:
   495                           	callstack 0
   496  007E6A                     _I2C_Write:
   497                           	callstack 28
   498                           
   499                           ;incstack = 0
   500                           ;I2C_Write@data stored from wreg
   501  007E6A  6E02               	movwf	I2C_Write@data^0,c
   502  007E6C                     
   503                           ;main_I2C.c: 54: unsigned char I2C_Write(unsigned char data);main_I2C.c: 55: {;main_I2C.
      +                          c: 56:     I2C_idle();
   504  007E6C  EC53  F03F         	call	_I2C_idle	;wreg free
   505  007E70                     
   506                           ;main_I2C.c: 57:     SSPBUF = data;
   507  007E70  C002  FFC9         	movff	I2C_Write@data,4041	;volatile
   508                           
   509                           ;main_I2C.c: 58:     I2C_idle();
   510  007E74  EC53  F03F         	call	_I2C_idle	;wreg free
   511  007E78                     
   512                           ;main_I2C.c: 59:     return SSPCON2bits.ACKSTAT;;	Return value of _I2C_Write is never us
      +                          ed
   513  007E78  50C5               	movf	197,w,c	;volatile
   514  007E7A  0012               	return		;funcret
   515  007E7C                     __end_of_I2C_Write:
   516                           	callstack 0
   517                           
   518 ;; *************** function _I2C_Stop *****************
   519 ;; Defined at:
   520 ;;		line 32 in file "main_I2C.c"
   521 ;; Parameters:    Size  Location     Type
   522 ;;		None
   523 ;; Auto vars:     Size  Location     Type
   524 ;;		None
   525 ;; Return value:  Size  Location     Type
   526 ;;                  1    wreg      void 
   527 ;; Registers used:
   528 ;;		wreg, status,2, status,0, cstack
   529 ;; Tracked objects:
   530 ;;		On entry : 0/0
   531 ;;		On exit  : 0/0
   532 ;;		Unchanged: 0/0
   533 ;; Data sizes:     COMRAM   BANK0   BANK1   BANK2   BANK3   BANK4   BANK5
   534 ;;      Params:         0       0       0       0       0       0       0
   535 ;;      Locals:         0       0       0       0       0       0       0
   536 ;;      Temps:          0       0       0       0       0       0       0
   537 ;;      Totals:         0       0       0       0       0       0       0
   538 ;;Total ram usage:        0 bytes
   539 ;; Hardware stack levels used: 1
   540 ;; Hardware stack levels required when called: 1
   541 ;; This function calls:
   542 ;;		_I2C_idle
   543 ;; This function is called by:
   544 ;;		_WriteEEPROM
   545 ;;		_ReadEEPROM
   546 ;; This function uses a non-reentrant model
   547 ;;
   548                           
   549                           	psect	text4
   550  007E58                     __ptext4:
   551                           	callstack 0
   552  007E58                     _I2C_Stop:
   553                           	callstack 28
   554  007E58                     
   555                           ;main_I2C.c: 34:     I2C_idle();
   556  007E58  EC53  F03F         	call	_I2C_idle	;wreg free
   557  007E5C                     
   558                           ;main_I2C.c: 35:     SSPCON2bits.PEN = 1;
   559  007E5C  84C5               	bsf	197,2,c	;volatile
   560  007E5E  0012               	return		;funcret
   561  007E60                     __end_of_I2C_Stop:
   562                           	callstack 0
   563                           
   564 ;; *************** function _I2C_Start *****************
   565 ;; Defined at:
   566 ;;		line 27 in file "main_I2C.c"
   567 ;; Parameters:    Size  Location     Type
   568 ;;		None
   569 ;; Auto vars:     Size  Location     Type
   570 ;;		None
   571 ;; Return value:  Size  Location     Type
   572 ;;                  1    wreg      void 
   573 ;; Registers used:
   574 ;;		wreg, status,2, status,0, cstack
   575 ;; Tracked objects:
   576 ;;		On entry : 0/0
   577 ;;		On exit  : 0/0
   578 ;;		Unchanged: 0/0
   579 ;; Data sizes:     COMRAM   BANK0   BANK1   BANK2   BANK3   BANK4   BANK5
   580 ;;      Params:         0       0       0       0       0       0       0
   581 ;;      Locals:         0       0       0       0       0       0       0
   582 ;;      Temps:          0       0       0       0       0       0       0
   583 ;;      Totals:         0       0       0       0       0       0       0
   584 ;;Total ram usage:        0 bytes
   585 ;; Hardware stack levels used: 1
   586 ;; Hardware stack levels required when called: 1
   587 ;; This function calls:
   588 ;;		_I2C_idle
   589 ;; This function is called by:
   590 ;;		_WriteEEPROM
   591 ;;		_ReadEEPROM
   592 ;; This function uses a non-reentrant model
   593 ;;
   594                           
   595                           	psect	text5
   596  007E50                     __ptext5:
   597                           	callstack 0
   598  007E50                     _I2C_Start:
   599                           	callstack 28
   600  007E50                     
   601                           ;main_I2C.c: 29:     I2C_idle();
   602  007E50  EC53  F03F         	call	_I2C_idle	;wreg free
   603  007E54                     
   604                           ;main_I2C.c: 30:     SSPCON2bits.SEN = 1;
   605  007E54  80C5               	bsf	197,0,c	;volatile
   606  007E56  0012               	return		;funcret
   607  007E58                     __end_of_I2C_Start:
   608                           	callstack 0
   609                           
   610 ;; *************** function _I2C_Restart *****************
   611 ;; Defined at:
   612 ;;		line 37 in file "main_I2C.c"
   613 ;; Parameters:    Size  Location     Type
   614 ;;		None
   615 ;; Auto vars:     Size  Location     Type
   616 ;;		None
   617 ;; Return value:  Size  Location     Type
   618 ;;                  1    wreg      void 
   619 ;; Registers used:
   620 ;;		wreg, status,2, status,0, cstack
   621 ;; Tracked objects:
   622 ;;		On entry : 0/0
   623 ;;		On exit  : 0/0
   624 ;;		Unchanged: 0/0
   625 ;; Data sizes:     COMRAM   BANK0   BANK1   BANK2   BANK3   BANK4   BANK5
   626 ;;      Params:         0       0       0       0       0       0       0
   627 ;;      Locals:         0       0       0       0       0       0       0
   628 ;;      Temps:          0       0       0       0       0       0       0
   629 ;;      Totals:         0       0       0       0       0       0       0
   630 ;;Total ram usage:        0 bytes
   631 ;; Hardware stack levels used: 1
   632 ;; Hardware stack levels required when called: 1
   633 ;; This function calls:
   634 ;;		_I2C_idle
   635 ;; This function is called by:
   636 ;;		_ReadEEPROM
   637 ;; This function uses a non-reentrant model
   638 ;;
   639                           
   640                           	psect	text6
   641  007E48                     __ptext6:
   642                           	callstack 0
   643  007E48                     _I2C_Restart:
   644                           	callstack 28
   645  007E48                     
   646                           ;main_I2C.c: 39:     I2C_idle();
   647  007E48  EC53  F03F         	call	_I2C_idle	;wreg free
   648  007E4C                     
   649                           ;main_I2C.c: 40:     SSPCON2bits.RSEN = 1;
   650  007E4C  82C5               	bsf	197,1,c	;volatile
   651  007E4E  0012               	return		;funcret
   652  007E50                     __end_of_I2C_Restart:
   653                           	callstack 0
   654                           
   655 ;; *************** function _I2C_Read *****************
   656 ;; Defined at:
   657 ;;		line 61 in file "main_I2C.c"
   658 ;; Parameters:    Size  Location     Type
   659 ;;		None
   660 ;; Auto vars:     Size  Location     Type
   661 ;;		None
   662 ;; Return value:  Size  Location     Type
   663 ;;                  1    wreg      unsigned char 
   664 ;; Registers used:
   665 ;;		wreg, status,2
   666 ;; Tracked objects:
   667 ;;		On entry : 0/0
   668 ;;		On exit  : 0/0
   669 ;;		Unchanged: 0/0
   670 ;; Data sizes:     COMRAM   BANK0   BANK1   BANK2   BANK3   BANK4   BANK5
   671 ;;      Params:         0       0       0       0       0       0       0
   672 ;;      Locals:         0       0       0       0       0       0       0
   673 ;;      Temps:          0       0       0       0       0       0       0
   674 ;;      Totals:         0       0       0       0       0       0       0
   675 ;;Total ram usage:        0 bytes
   676 ;; Hardware stack levels used: 1
   677 ;; This function calls:
   678 ;;		Nothing
   679 ;; This function is called by:
   680 ;;		_ReadEEPROM
   681 ;; This function uses a non-reentrant model
   682 ;;
   683                           
   684                           	psect	text7
   685  007E7C                     __ptext7:
   686                           	callstack 0
   687  007E7C                     _I2C_Read:
   688                           	callstack 29
   689  007E7C                     
   690                           ;main_I2C.c: 63:     SSPCON2bits.RCEN = 1;
   691  007E7C  86C5               	bsf	197,3,c	;volatile
   692  007E7E                     l54:
   693  007E7E  A0C7               	btfss	199,0,c	;volatile
   694  007E80  EF44  F03F         	goto	u31
   695  007E84  EF46  F03F         	goto	u30
   696  007E88                     u31:
   697  007E88  EF3F  F03F         	goto	l54
   698  007E8C                     u30:
   699  007E8C                     
   700                           ;main_I2C.c: 67:     return SSPBUF;
   701  007E8C  50C9               	movf	201,w,c	;volatile
   702  007E8E  0012               	return		;funcret
   703  007E90                     __end_of_I2C_Read:
   704                           	callstack 0
   705                           
   706 ;; *************** function _I2C_NACK *****************
   707 ;; Defined at:
   708 ;;		line 48 in file "main_I2C.c"
   709 ;; Parameters:    Size  Location     Type
   710 ;;		None
   711 ;; Auto vars:     Size  Location     Type
   712 ;;		None
   713 ;; Return value:  Size  Location     Type
   714 ;;                  1    wreg      void 
   715 ;; Registers used:
   716 ;;		wreg, status,2, status,0, cstack
   717 ;; Tracked objects:
   718 ;;		On entry : 0/0
   719 ;;		On exit  : 0/0
   720 ;;		Unchanged: 0/0
   721 ;; Data sizes:     COMRAM   BANK0   BANK1   BANK2   BANK3   BANK4   BANK5
   722 ;;      Params:         0       0       0       0       0       0       0
   723 ;;      Locals:         0       0       0       0       0       0       0
   724 ;;      Temps:          0       0       0       0       0       0       0
   725 ;;      Totals:         0       0       0       0       0       0       0
   726 ;;Total ram usage:        0 bytes
   727 ;; Hardware stack levels used: 1
   728 ;; Hardware stack levels required when called: 1
   729 ;; This function calls:
   730 ;;		_I2C_idle
   731 ;; This function is called by:
   732 ;;		_ReadEEPROM
   733 ;; This function uses a non-reentrant model
   734 ;;
   735                           
   736                           	psect	text8
   737  007E60                     __ptext8:
   738                           	callstack 0
   739  007E60                     _I2C_NACK:
   740                           	callstack 28
   741  007E60                     
   742                           ;main_I2C.c: 50:     I2C_idle();
   743  007E60  EC53  F03F         	call	_I2C_idle	;wreg free
   744  007E64                     
   745                           ;main_I2C.c: 51:     SSPCON2bits.ACKDT = 1;
   746  007E64  8AC5               	bsf	197,5,c	;volatile
   747  007E66                     
   748                           ;main_I2C.c: 52:     SSPCON2bits.ACKEN = 1;
   749  007E66  88C5               	bsf	197,4,c	;volatile
   750  007E68  0012               	return		;funcret
   751  007E6A                     __end_of_I2C_NACK:
   752                           	callstack 0
   753                           
   754 ;; *************** function _I2C_idle *****************
   755 ;; Defined at:
   756 ;;		line 13 in file "main_I2C.c"
   757 ;; Parameters:    Size  Location     Type
   758 ;;		None
   759 ;; Auto vars:     Size  Location     Type
   760 ;;		None
   761 ;; Return value:  Size  Location     Type
   762 ;;                  1    wreg      void 
   763 ;; Registers used:
   764 ;;		wreg, status,2, status,0
   765 ;; Tracked objects:
   766 ;;		On entry : 0/0
   767 ;;		On exit  : 0/0
   768 ;;		Unchanged: 0/0
   769 ;; Data sizes:     COMRAM   BANK0   BANK1   BANK2   BANK3   BANK4   BANK5
   770 ;;      Params:         0       0       0       0       0       0       0
   771 ;;      Locals:         0       0       0       0       0       0       0
   772 ;;      Temps:          1       0       0       0       0       0       0
   773 ;;      Totals:         1       0       0       0       0       0       0
   774 ;;Total ram usage:        1 bytes
   775 ;; Hardware stack levels used: 1
   776 ;; This function calls:
   777 ;;		Nothing
   778 ;; This function is called by:
   779 ;;		_I2C_Start
   780 ;;		_I2C_Stop
   781 ;;		_I2C_Restart
   782 ;;		_I2C_NACK
   783 ;;		_I2C_Write
   784 ;;		_I2C_ACK
   785 ;; This function uses a non-reentrant model
   786 ;;
   787                           
   788                           	psect	text9
   789  007EA6                     __ptext9:
   790                           	callstack 0
   791  007EA6                     _I2C_idle:
   792                           	callstack 28
   793  007EA6                     l27:
   794  007EA6  B4C7               	btfsc	199,2,c	;volatile
   795  007EA8  EF58  F03F         	goto	u11
   796  007EAC  EF5A  F03F         	goto	u10
   797  007EB0                     u11:
   798  007EB0  EF53  F03F         	goto	l27
   799  007EB4                     u10:
   800  007EB4  CFC5 F001          	movff	4037,??_I2C_idle	;volatile
   801  007EB8  0E1F               	movlw	31
   802  007EBA  1601               	andwf	??_I2C_idle^0,f,c
   803  007EBC  A4D8               	btfss	status,2,c
   804  007EBE  EF63  F03F         	goto	u21
   805  007EC2  EF65  F03F         	goto	u20
   806  007EC6                     u21:
   807  007EC6  EF53  F03F         	goto	l27
   808  007ECA                     u20:
   809  007ECA  0012               	return		;funcret
   810  007ECC                     __end_of_I2C_idle:
   811                           	callstack 0
   812                           
   813 ;; *************** function _I2C_Master_init *****************
   814 ;; Defined at:
   815 ;;		line 18 in file "main_I2C.c"
   816 ;; Parameters:    Size  Location     Type
   817 ;;		None
   818 ;; Auto vars:     Size  Location     Type
   819 ;;		None
   820 ;; Return value:  Size  Location     Type
   821 ;;                  1    wreg      void 
   822 ;; Registers used:
   823 ;;		wreg, status,2
   824 ;; Tracked objects:
   825 ;;		On entry : 0/0
   826 ;;		On exit  : 0/0
   827 ;;		Unchanged: 0/0
   828 ;; Data sizes:     COMRAM   BANK0   BANK1   BANK2   BANK3   BANK4   BANK5
   829 ;;      Params:         0       0       0       0       0       0       0
   830 ;;      Locals:         0       0       0       0       0       0       0
   831 ;;      Temps:          0       0       0       0       0       0       0
   832 ;;      Totals:         0       0       0       0       0       0       0
   833 ;;Total ram usage:        0 bytes
   834 ;; Hardware stack levels used: 1
   835 ;; This function calls:
   836 ;;		Nothing
   837 ;; This function is called by:
   838 ;;		_main
   839 ;; This function uses a non-reentrant model
   840 ;;
   841                           
   842                           	psect	text10
   843  007E90                     __ptext10:
   844                           	callstack 0
   845  007E90                     _I2C_Master_init:
   846                           	callstack 30
   847  007E90                     
   848                           ;main_I2C.c: 20:     SSPCON1 = 0x28;
   849  007E90  0E28               	movlw	40
   850  007E92  6EC6               	movwf	198,c	;volatile
   851                           
   852                           ;main_I2C.c: 21:     SSPCON2 = 0x00;
   853  007E94  0E00               	movlw	0
   854  007E96  6EC5               	movwf	197,c	;volatile
   855                           
   856                           ;main_I2C.c: 22:     SSPSTAT = 0x00;
   857  007E98  0E00               	movlw	0
   858  007E9A  6EC7               	movwf	199,c	;volatile
   859                           
   860                           ;main_I2C.c: 23:     SSPADD = ((8000000/4)/100000)-1;
   861  007E9C  0E13               	movlw	19
   862  007E9E  6EC8               	movwf	200,c	;volatile
   863  007EA0                     
   864                           ;main_I2C.c: 24:     TRISCbits.RC3 = 1;
   865  007EA0  8694               	bsf	148,3,c	;volatile
   866  007EA2                     
   867                           ;main_I2C.c: 25:     TRISCbits.RC4 = 1;
   868  007EA2  8894               	bsf	148,4,c	;volatile
   869  007EA4  0012               	return		;funcret
   870  007EA6                     __end_of_I2C_Master_init:
   871                           	callstack 0
   872  0000                     
   873                           	psect	rparam
   874  0000                     
   875                           	psect	idloc
   876                           
   877                           ;Config register IDLOC0 @ 0x200000
   878                           ;	unspecified, using default values
   879  200000                     	org	2097152
   880  200000  FF                 	db	255
   881                           
   882                           ;Config register IDLOC1 @ 0x200001
   883                           ;	unspecified, using default values
   884  200001                     	org	2097153
   885  200001  FF                 	db	255
   886                           
   887                           ;Config register IDLOC2 @ 0x200002
   888                           ;	unspecified, using default values
   889  200002                     	org	2097154
   890  200002  FF                 	db	255
   891                           
   892                           ;Config register IDLOC3 @ 0x200003
   893                           ;	unspecified, using default values
   894  200003                     	org	2097155
   895  200003  FF                 	db	255
   896                           
   897                           ;Config register IDLOC4 @ 0x200004
   898                           ;	unspecified, using default values
   899  200004                     	org	2097156
   900  200004  FF                 	db	255
   901                           
   902                           ;Config register IDLOC5 @ 0x200005
   903                           ;	unspecified, using default values
   904  200005                     	org	2097157
   905  200005  FF                 	db	255
   906                           
   907                           ;Config register IDLOC6 @ 0x200006
   908                           ;	unspecified, using default values
   909  200006                     	org	2097158
   910  200006  FF                 	db	255
   911                           
   912                           ;Config register IDLOC7 @ 0x200007
   913                           ;	unspecified, using default values
   914  200007                     	org	2097159
   915  200007  FF                 	db	255
   916                           
   917                           	psect	config
   918                           
   919                           ; Padding undefined space
   920  300000                     	org	3145728
   921  300000  FF                 	db	255
   922                           
   923                           ;Config register CONFIG1H @ 0x300001
   924                           ;	Oscillator Selection bits
   925                           ;	OSC = HS, HS oscillator
   926                           ;	Fail-Safe Clock Monitor Enable bit
   927                           ;	FCMEN = OFF, Fail-Safe Clock Monitor disabled
   928                           ;	Internal/External Oscillator Switchover bit
   929                           ;	IESO = OFF, Oscillator Switchover mode disabled
   930  300001                     	org	3145729
   931  300001  02                 	db	2
   932                           
   933                           ;Config register CONFIG2L @ 0x300002
   934                           ;	Power-up Timer Enable bit
   935                           ;	PWRT = OFF, PWRT disabled
   936                           ;	Brown-out Reset Enable bits
   937                           ;	BOREN = SBORDIS, Brown-out Reset enabled in hardware only (SBOREN is disabled)
   938                           ;	Brown Out Reset Voltage bits
   939                           ;	BORV = 3, Minimum setting
   940  300002                     	org	3145730
   941  300002  1F                 	db	31
   942                           
   943                           ;Config register CONFIG2H @ 0x300003
   944                           ;	Watchdog Timer Enable bit
   945                           ;	WDT = ON, WDT enabled
   946                           ;	Watchdog Timer Postscale Select bits
   947                           ;	WDTPS = 32768, 1:32768
   948  300003                     	org	3145731
   949  300003  1F                 	db	31
   950                           
   951                           ; Padding undefined space
   952  300004                     	org	3145732
   953  300004  FF                 	db	255
   954                           
   955                           ;Config register CONFIG3H @ 0x300005
   956                           ;	CCP2 MUX bit
   957                           ;	CCP2MX = PORTC, CCP2 input/output is multiplexed with RC1
   958                           ;	PORTB A/D Enable bit
   959                           ;	PBADEN = ON, PORTB<4:0> pins are configured as analog input channels on Reset
   960                           ;	Low-Power Timer1 Oscillator Enable bit
   961                           ;	LPT1OSC = OFF, Timer1 configured for higher power operation
   962                           ;	MCLR Pin Enable bit
   963                           ;	MCLRE = ON, MCLR pin enabled; RE3 input pin disabled
   964  300005                     	org	3145733
   965  300005  83                 	db	131
   966                           
   967                           ;Config register CONFIG4L @ 0x300006
   968                           ;	Stack Full/Underflow Reset Enable bit
   969                           ;	STVREN = ON, Stack full/underflow will cause Reset
   970                           ;	Single-Supply ICSP Enable bit
   971                           ;	LVP = ON, Single-Supply ICSP enabled
   972                           ;	Extended Instruction Set Enable bit
   973                           ;	XINST = OFF, Instruction set extension and Indexed Addressing mode disabled (Legacy mo
      +                          de)
   974                           ;	Background Debugger Enable bit
   975                           ;	DEBUG = 0x1, unprogrammed default
   976  300006                     	org	3145734
   977  300006  85                 	db	133
   978                           
   979                           ; Padding undefined space
   980  300007                     	org	3145735
   981  300007  FF                 	db	255
   982                           
   983                           ;Config register CONFIG5L @ 0x300008
   984                           ;	Code Protection bit
   985                           ;	CP0 = OFF, Block 0 (000800-001FFFh) not code-protected
   986                           ;	Code Protection bit
   987                           ;	CP1 = OFF, Block 1 (002000-003FFFh) not code-protected
   988                           ;	Code Protection bit
   989                           ;	CP2 = OFF, Block 2 (004000-005FFFh) not code-protected
   990                           ;	Code Protection bit
   991                           ;	CP3 = OFF, Block 3 (006000-007FFFh) not code-protected
   992  300008                     	org	3145736
   993  300008  0F                 	db	15
   994                           
   995                           ;Config register CONFIG5H @ 0x300009
   996                           ;	Boot Block Code Protection bit
   997                           ;	CPB = OFF, Boot block (000000-0007FFh) not code-protected
   998                           ;	Data EEPROM Code Protection bit
   999                           ;	CPD = OFF, Data EEPROM not code-protected
  1000  300009                     	org	3145737
  1001  300009  C0                 	db	192
  1002                           
  1003                           ;Config register CONFIG6L @ 0x30000A
  1004                           ;	Write Protection bit
  1005                           ;	WRT0 = OFF, Block 0 (000800-001FFFh) not write-protected
  1006                           ;	Write Protection bit
  1007                           ;	WRT1 = OFF, Block 1 (002000-003FFFh) not write-protected
  1008                           ;	Write Protection bit
  1009                           ;	WRT2 = OFF, Block 2 (004000-005FFFh) not write-protected
  1010                           ;	Write Protection bit
  1011                           ;	WRT3 = OFF, Block 3 (006000-007FFFh) not write-protected
  1012  30000A                     	org	3145738
  1013  30000A  0F                 	db	15
  1014                           
  1015                           ;Config register CONFIG6H @ 0x30000B
  1016                           ;	Configuration Register Write Protection bit
  1017                           ;	WRTC = OFF, Configuration registers (300000-3000FFh) not write-protected
  1018                           ;	Boot Block Write Protection bit
  1019                           ;	WRTB = OFF, Boot block (000000-0007FFh) not write-protected
  1020                           ;	Data EEPROM Write Protection bit
  1021                           ;	WRTD = OFF, Data EEPROM not write-protected
  1022  30000B                     	org	3145739
  1023  30000B  E0                 	db	224
  1024                           
  1025                           ;Config register CONFIG7L @ 0x30000C
  1026                           ;	Table Read Protection bit
  1027                           ;	EBTR0 = OFF, Block 0 (000800-001FFFh) not protected from table reads executed in other
      +                           blocks
  1028                           ;	Table Read Protection bit
  1029                           ;	EBTR1 = OFF, Block 1 (002000-003FFFh) not protected from table reads executed in other
      +                           blocks
  1030                           ;	Table Read Protection bit
  1031                           ;	EBTR2 = OFF, Block 2 (004000-005FFFh) not protected from table reads executed in other
      +                           blocks
  1032                           ;	Table Read Protection bit
  1033                           ;	EBTR3 = OFF, Block 3 (006000-007FFFh) not protected from table reads executed in other
      +                           blocks
  1034  30000C                     	org	3145740
  1035  30000C  0F                 	db	15
  1036                           
  1037                           ;Config register CONFIG7H @ 0x30000D
  1038                           ;	Boot Block Table Read Protection bit
  1039                           ;	EBTRB = OFF, Boot block (000000-0007FFh) not protected from table reads executed in ot
      +                          her blocks
  1040  30000D                     	org	3145741
  1041  30000D  40                 	db	64
  1042                           tosu	equ	0xFFF
  1043                           tosh	equ	0xFFE
  1044                           tosl	equ	0xFFD
  1045                           stkptr	equ	0xFFC
  1046                           pclatu	equ	0xFFB
  1047                           pclath	equ	0xFFA
  1048                           pcl	equ	0xFF9
  1049                           tblptru	equ	0xFF8
  1050                           tblptrh	equ	0xFF7
  1051                           tblptrl	equ	0xFF6
  1052                           tablat	equ	0xFF5
  1053                           prodh	equ	0xFF4
  1054                           prodl	equ	0xFF3
  1055                           indf0	equ	0xFEF
  1056                           postinc0	equ	0xFEE
  1057                           postdec0	equ	0xFED
  1058                           preinc0	equ	0xFEC
  1059                           plusw0	equ	0xFEB
  1060                           fsr0h	equ	0xFEA
  1061                           fsr0l	equ	0xFE9
  1062                           wreg	equ	0xFE8
  1063                           indf1	equ	0xFE7
  1064                           postinc1	equ	0xFE6
  1065                           postdec1	equ	0xFE5
  1066                           preinc1	equ	0xFE4
  1067                           plusw1	equ	0xFE3
  1068                           fsr1h	equ	0xFE2
  1069                           fsr1l	equ	0xFE1
  1070                           bsr	equ	0xFE0
  1071                           indf2	equ	0xFDF
  1072                           postinc2	equ	0xFDE
  1073                           postdec2	equ	0xFDD
  1074                           preinc2	equ	0xFDC
  1075                           plusw2	equ	0xFDB
  1076                           fsr2h	equ	0xFDA
  1077                           fsr2l	equ	0xFD9
  1078                           status	equ	0xFD8

Data Sizes:
    Strings     0
    Constant    0
    Data        0
    BSS         0
    Persistent  0
    Stack       0

Auto Spaces:
    Space          Size  Autos    Used
    COMRAM          127     15      15
    BANK0           128      0       0
    BANK1           256      0       0
    BANK2           256      0       0
    BANK3           256      0       0
    BANK4           256      0       0
    BANK5           256      0       0

Pointer List with Targets:

    None.

Critical Paths under _main in COMRAM

    _main->_WriteEEPROM
    _WriteEEPROM->_I2C_Write
    _ReadEEPROM->_I2C_Write
    _I2C_Write->_I2C_idle
    _I2C_Stop->_I2C_idle
    _I2C_Start->_I2C_idle
    _I2C_Restart->_I2C_idle
    _I2C_NACK->_I2C_idle

Critical Paths under _main in BANK0

    None.

Critical Paths under _main in BANK1

    None.

Critical Paths under _main in BANK2

    None.

Critical Paths under _main in BANK3

    None.

Critical Paths under _main in BANK4

    None.

Critical Paths under _main in BANK5

    None.

Call Graph Tables:

 ---------------------------------------------------------------------------------
 (Depth) Function   	        Calls       Base Space   Used Autos Params    Refs
 ---------------------------------------------------------------------------------
 (0) _main                                                 6     6      0     619
                                              9 COMRAM     6     6      0
                    _I2C_Master_init
                         _ReadEEPROM
                        _WriteEEPROM
 ---------------------------------------------------------------------------------
 (1) _WriteEEPROM                                          7     3      4     256
                                              2 COMRAM     7     3      4
                          _I2C_Start
                           _I2C_Stop
                          _I2C_Write
 ---------------------------------------------------------------------------------
 (1) _ReadEEPROM                                           5     3      2     181
                                              2 COMRAM     5     3      2
                           _I2C_NACK
                           _I2C_Read
                        _I2C_Restart
                          _I2C_Start
                           _I2C_Stop
                          _I2C_Write
 ---------------------------------------------------------------------------------
 (2) _I2C_Write                                            1     1      0      15
                                              1 COMRAM     1     1      0
                           _I2C_idle
 ---------------------------------------------------------------------------------
 (2) _I2C_Stop                                             0     0      0       0
                           _I2C_idle
 ---------------------------------------------------------------------------------
 (2) _I2C_Start                                            0     0      0       0
                           _I2C_idle
 ---------------------------------------------------------------------------------
 (2) _I2C_Restart                                          0     0      0       0
                           _I2C_idle
 ---------------------------------------------------------------------------------
 (2) _I2C_Read                                             0     0      0       0
 ---------------------------------------------------------------------------------
 (2) _I2C_NACK                                             0     0      0       0
                           _I2C_idle
 ---------------------------------------------------------------------------------
 (3) _I2C_idle                                             1     1      0       0
                                              0 COMRAM     1     1      0
 ---------------------------------------------------------------------------------
 (1) _I2C_Master_init                                      0     0      0       0
 ---------------------------------------------------------------------------------
 Estimated maximum stack depth 3
 ---------------------------------------------------------------------------------

 Call Graph Graphs:

 _main (ROOT)
   _I2C_Master_init
   _ReadEEPROM
     _I2C_NACK
       _I2C_idle
     _I2C_Read
     _I2C_Restart
       _I2C_idle
     _I2C_Start
       _I2C_idle
     _I2C_Stop
       _I2C_idle
     _I2C_Write
       _I2C_idle
   _WriteEEPROM
     _I2C_Start
     _I2C_Stop
     _I2C_Write

 Address spaces:
Name               Size   Autos  Total    Cost      Usage
BITCOMRAM           7F      0       0       0        0.0%
EEDATA             100      0       0       0        0.0%
NULL                 0      0       0       0        0.0%
CODE                 0      0       0       0        0.0%
COMRAM              7F      F       F       1       11.8%
STACK                0      0       0       2        0.0%
DATA                 0      0       0       3        0.0%
BITBANK0            80      0       0       4        0.0%
BANK0               80      0       0       5        0.0%
BITBANK1           100      0       0       6        0.0%
BANK1              100      0       0       7        0.0%
BITBANK2           100      0       0       8        0.0%
BANK2              100      0       0       9        0.0%
BITBANK3           100      0       0      10        0.0%
BANK3              100      0       0      11        0.0%
BITBANK4           100      0       0      12        0.0%
BANK4              100      0       0      13        0.0%
BANK5              100      0       0      14        0.0%
ABS                  0      0       0      15        0.0%
BITBANK5           100      0       0      16        0.0%
BIGRAM             5FF      0       0      17        0.0%
BITSFR               0      0       0     200        0.0%
SFR                  0      0       0     200        0.0%


Microchip Technology PIC18 Macro Assembler V2.32 build 20210201212658 
Symbol Table                                                                                   Thu Jan 06 19:54:14 2022

    __size_of_WriteEEPROM 0036        __size_of_I2C_Start 0008               _SSPSTATbits 000FC7  
      __size_of_I2C_Write 0012                        l30 7ECA                        l33 7EA4  
                      l42 7E4E                        l27 7EA6                        l51 7E7A  
                      l36 7E56                        l60 7F00                        l54 7E7E  
                      l39 7E5E                        l63 7F44                        l48 7E68  
                      l57 7E8E                        u10 7EB4                        u11 7EB0  
                      u20 7ECA                        u21 7EC6                        u30 7E8C  
                      u31 7E88                        u60 7FAE                        u61 7FAA  
                      u70 7FF8                        u71 7FF4                        u87 7F80  
                      u97 7FD0                       l901 7F38                       l751 7EA6  
                     l903 7F3C                       l911 7F56                       l753 7EB4  
                     l761 7E5C                       l921 7F7A                       l913 7F5E  
                     l771 7E66                       l763 7E48                       l755 7E50  
                     l923 7F8A                       l907 7F46                       l781 7E7C  
                     l765 7E4C                       l757 7E54                       l773 7E6C  
                     l941 7FE2                       l925 7F94                       l909 7F52  
                     l791 7EA2                       l767 7E60                       l783 7E8C  
                     l759 7E58                       l775 7E70                       l871 7ECC  
                     l935 7FB6                       l927 7F98                       l919 7F66  
                     l769 7E64                       l777 7E78                       l881 7EEE  
                     l873 7ED6                       l937 7FC6                       l929 7FAE  
                     l787 7E90                       l891 7F18                       l883 7EF2  
                     l875 7EDC                       l939 7FDE                       l789 7EA0  
                     l893 7F1E                       l885 7F02                       l877 7EE2  
                     l895 7F22                       l887 7F0C                       l879 7EE8  
                     l897 7F28                       l889 7F12                       l899 7F34  
                     u107 7EF8                       wreg 000FE8      __size_of_I2C_Restart 0008  
        __end_of_I2C_NACK 7E6A                      _main 7F46          __end_of_I2C_Read 7E90  
        __end_of_I2C_Stop 7E60          __end_of_I2C_idle 7ECC                      start 0000  
            ___param_bank 000000          ?_I2C_Master_init 0001                     ?_main 0001  
                   _PORTB 000F81                     _TRISB 000F93                     main@a 000C  
                   main@i 000E         __end_of_I2C_Start 7E58         __end_of_I2C_Write 7E7C  
              _ReadEEPROM 7F02                     status 000FD8           __initialization 7E42  
            __end_of_main 8000                    ??_main 000A             __activetblptr 000000  
                  _ADCON1 000FC1         ReadEEPROM@address 0003                    _SSPADD 000FC8  
                  _SSPBUF 000FC9                    isa$std 000001                 ?_I2C_NACK 0001  
               ?_I2C_Read 0001                 ?_I2C_Stop 0001                 ?_I2C_idle 0001  
             ?_ReadEEPROM 0003                __accesstop 0080   __end_of__initialization 7E42  
           ___rparam_used 000001            __pcstackCOMRAM 0001            ReadEEPROM@temp 0006  
              ??_I2C_NACK 0002                ??_I2C_Read 0001                ??_I2C_Stop 0002  
              ??_I2C_idle 0001             ??_WriteEEPROM 0007       __size_of_ReadEEPROM 0044  
           ??_I2C_Restart 0002                   _SSPCON1 000FC6                   _SSPCON2 000FC5  
                 _SSPSTAT 000FC7                 _I2C_Start 7E50                 _I2C_Write 7E6A  
                 __Hparam 0000                   __Lparam 0000       __end_of_WriteEEPROM 7F02  
                 __pcinit 7E42        WriteEEPROM@address 0003                   __ramtop 0600  
                 __ptext0 7F46                   __ptext1 7ECC                   __ptext2 7F02  
                 __ptext3 7E6A                   __ptext4 7E58                   __ptext5 7E50  
                 __ptext6 7E48                   __ptext7 7E7C                   __ptext8 7E60  
                 __ptext9 7EA6  __size_of_I2C_Master_init 0016       __end_of_I2C_Restart 7E50  
    end_of_initialization 7E42                ?_I2C_Start 0001                ?_I2C_Write 0001  
       __size_of_I2C_NACK 000A                 _TRISCbits 000F94         __size_of_I2C_Read 0014  
       __size_of_I2C_Stop 0008         __size_of_I2C_idle 0026              ??_ReadEEPROM 0005  
             _WriteEEPROM 7ECC        __end_of_ReadEEPROM 7F46               _I2C_Restart 7E48  
     start_initialization 7E42         ??_I2C_Master_init 0001               ??_I2C_Start 0002  
             ??_I2C_Write 0002                  _I2C_NACK 7E60                  _I2C_Read 7E7C  
                _I2C_Stop 7E58                  _I2C_idle 7EA6              ?_WriteEEPROM 0003  
                __Hrparam 0000                  __Lrparam 0000             I2C_Write@data 0002  
            ?_I2C_Restart 0001           _I2C_Master_init 7E90                  __ptext10 7E90  
           __size_of_main 00BA                  isa$xinst 000000           WriteEEPROM@data 0005  
         WriteEEPROM@temp 0008   __end_of_I2C_Master_init 7EA6               _SSPCON2bits 000FC5  
